
5/6/2017, 3:34:06 PM

Operating System
  Name                        = Microsoft Windows 10 Enterprise
  Version                     = 10.0.14393
  Architecture                = 64bit
  # CPUs                      = 4
  Memory                      = 8376569856

Node.js
  Node.js Version             = 4.7.0
  npm Version                 = 2.15.11

Titanium CLI
  CLI Version                 = 5.0.12

Titanium SDK
  SDK Version                 = 5.0.0.GA
  SDK Path                    = C:\ProgramData\Titanium\mobilesdk\win32\5.0.0.GA
  Target Platform             = android

Command
  C:\Program Files\nodejs\node.exe C:\Users\Aalem\.appcelerator\install\6.2.0\package\node_modules\titanium\lib\titanium.js build run --platform android --sdk 5.0.0.GA --log-level trace --project-dir H:\Appcelerator Workspace\Code To Inspire --deploy-type production --target dist-playstore --android-sdk I:\AndroidStudio\SDK --output-dir C:\Users\Aalem\Desktop --api-level 10 --alias CTI --keystore C:\Users\Aalem\Desktop\CTI_Key --store-password aalem123 --key-password aalem123 --no-colors --no-progress-bars --no-prompt --no-banner --prompt-type socket-bundle --prompt-port 52576 --username aalem.daneshyar@codetoinspire.org --password atarjy123 --config-file C:\Users\Aalem\AppData\Local\Temp\build-1494068621146.json --no-banner --project-dir H:\Appcelerator Workspace\Code To Inspire

[DEBUG]  Detecting modules in C:\ProgramData\Application Data\Titanium\modules
[DEBUG]  Detected android module: facebook 4.0.5 @ C:\ProgramData\Application Data\Titanium\modules\android\facebook\4.0.5
[DEBUG]  Detected android module: hyperloop 1.2.8 @ C:\ProgramData\Application Data\Titanium\modules\android\hyperloop\1.2.8
[DEBUG]  Detected android module: hyperloop 2.1.0 @ C:\ProgramData\Application Data\Titanium\modules\android\hyperloop\2.1.0
[DEBUG]  Detected android module: ti.cloudpush 3.4.0 @ C:\ProgramData\Application Data\Titanium\modules\android\ti.cloudpush\3.4.0
[DEBUG]  Detected android module: ti.map 2.3.3 @ C:\ProgramData\Application Data\Titanium\modules\android\ti.map\2.3.3
[DEBUG]  Detected commonjs module: ti.cloud 3.2.9 @ C:\ProgramData\Application Data\Titanium\modules\commonjs\ti.cloud\3.2.9
[DEBUG]  Detected windows module: hyperloop 2.1.0 @ C:\ProgramData\Application Data\Titanium\modules\windows\hyperloop\2.1.0
[DEBUG]  Detecting modules in C:\ProgramData\Titanium\modules
[DEBUG]  Detected android module: facebook 4.0.5 @ C:\ProgramData\Titanium\modules\android\facebook\4.0.5
[DEBUG]  Detected android module: hyperloop 1.2.8 @ C:\ProgramData\Titanium\modules\android\hyperloop\1.2.8
[DEBUG]  Detected android module: hyperloop 2.1.0 @ C:\ProgramData\Titanium\modules\android\hyperloop\2.1.0
[DEBUG]  Detected android module: ti.cloudpush 3.4.0 @ C:\ProgramData\Titanium\modules\android\ti.cloudpush\3.4.0
[DEBUG]  Detected android module: ti.map 2.3.3 @ C:\ProgramData\Titanium\modules\android\ti.map\2.3.3
[DEBUG]  Detected commonjs module: ti.cloud 3.2.9 @ C:\ProgramData\Titanium\modules\commonjs\ti.cloud\3.2.9
[DEBUG]  Detected windows module: hyperloop 2.1.0 @ C:\ProgramData\Titanium\modules\windows\hyperloop\2.1.0
[DEBUG]  No project level plugins to load
[TRACE]  Snapshotting build directory
[DEBUG]  Titanium SDK Android directory: C:\ProgramData\Titanium\mobilesdk\win32\5.0.0.GA\android
[INFO]   Deploy type: production
[INFO]   Building for target: dist-playstore
[INFO]   Targeting Android SDK: 23
[INFO]   Building for the following architectures: armeabi, armeabi-v7a, x86
[INFO]   Signing with keystore: C:\Users\Aalem\Desktop\CTI_Key (cti)
[DEBUG]  App ID: com.cti.cti
[DEBUG]  Classname: CodeToInspire
[INFO]   Debugging disabled
[INFO]   Profiler disabled
[INFO]   Forcing rebuild: H:\Appcelerator Workspace\Code To Inspire\build\android\build-manifest.json does not exist
[TRACE]  offline build file C:\Users\Aalem\AppData\Local\Temp\build-3b2c1fe4b30310feb3ef500cec18b51fc8264750.json
[TRACE]  online 1
[TRACE]  sending request {"json":{"username":"aalem.daneshyar@codetoinspire.org","session":"2e0aaa0e6c98bbe4b28a0045e1eae7991674413e GT+jujy6f6Vs8Lm0DvaVhrDkyck0gzEBhlv0jr/iClsrjWW8fzQWHCa+b1GkiJCkM7bNk8QFt4m2fu0C1ammblljIIL1BGoNV/Hf9nfX6PO26PCR/QzB4EFULy2ASuuyydTYDVA5utTniBbyfxKUmEvHmoMAe3kjucndLgnEW5OIywvuOZ5M+ylCZDjbzQMvs6xooPoCLJzD1TmrMHlszXwPxr0L6gR5139ShsEg8Y5oU2A7T7I7r5oWQ4Rk/G/cTJOkuFpUK23JM2So3IhAJ0jp3XlEJPU09+HhY+KKsKoyAj31bJLy+w4iLTH0GvDyWtcefgTiMP/1sFtlKGu74zww/ENVLBfYahF3ORgT0XETAeIfWYvzgSS1uyYbX2uXNCLTmQshCR2x8ceWvHS7NN54BAziWCS0gwrSWyfc4WJ23eFhz5/gEVRDs17EtrW41/yky4rsKwIN0GWdFwJQRQdDnzEWiQHqYVFDnzbG++cOowm3KGxGtMXxcAiP0xPDr0/z17wQBSQJI7gaj+Xko48vjMp+vqLPh7iGcKtJmn2rCf5TomCZGl1AowPmO/zivVTFj4Z4FERU82nvklNFyHOIVxRmzb1XskbaN6T1k6CDnEYDXc5jCCa2MAHpGEbbV4qrzfyyKsQAtoc20xfnwsb6CztDmW6lpnw1/CNlrwKfv47KU+rnIJh7fzh305zfcCFPmocQfJO4kwL1xiMB8ssiTRXZXNpWir7b2vBEFyo=","ipaddress":"192.168.56.1","fingerprint":"b09339d6b7cdf9ad40c31b1bc09849628a136422","fingerprint_description":"Windows Machine ID: e417d1a3-f162-42d1-b26b-348e3b829434","guid":"e924441c-d230-4208-9bbb-3a71947c3bd6","appid":"com.cti.cti","name":"Code To Inspire","org_id":100141720,"deploytype":"production","tiappxml":"<?xml version=\"1.0\" encoding=\"UTF-8\"?>\n<ti:app \n  xmlns:ti=\"http://ti.appcelerator.org\">\n  <id>com.cti.cti</id>\n  <name>Code To Inspire</name>\n  <version>1.0</version>\n  <publisher>Code To Inspire</publisher>\n  <url>http://www.codetoinspire.org</url>\n  <description>Developed by Fatema Alizada</description>\n  <copyright>2017 by Code To Inspire</copyright>\n  <icon>appicon.png</icon>\n  <fullscreen>false</fullscreen>\n  <navbar-hidden>false</navbar-hidden>\n  <analytics>true</analytics>\n  <guid>e924441c-d230-4208-9bbb-3a71947c3bd6</guid>\n  <property name=\"ti.ui.defaultunit\" type=\"string\">dp</property>\n  <property name=\"run-on-main-thread\" type=\"bool\">***</property>\n  <ios>\n    <enable-launch-screen-storyboard>true</enable-launch-screen-storyboard>\n    <use-app-thinning>true</use-app-thinning>\n    <plist>\n      <dict>\n        <key>UISupportedInterfaceOrientations~iphone</key>\n        <array>\n          <string>UIInterfaceOrientationPortrait</string>\n        </array>\n        <key>UISupportedInterfaceOrientations~ipad</key>\n        <array>\n          <string>UIInterfaceOrientationPortrait</string>\n          <string>UIInterfaceOrientationPortraitUpsideDown</string>\n          <string>UIInterfaceOrientationLandscapeLeft</string>\n          <string>UIInterfaceOrientationLandscapeRight</string>\n        </array>\n        <key>UIRequiresPersistentWiFi</key>\n        <false/>\n        <key>UIPrerenderedIcon</key>\n        <false/>\n        <key>UIStatusBarHidden</key>\n        <false/>\n        <key>UIStatusBarStyle</key>\n        <string>UIStatusBarStyleDefault</string>\n      </dict>\n    </plist>\n  </ios>\n  <android \n    xmlns:android=\"http://schemas.android.com/apk/res/android\"/>\n    <mobileweb>\n      <precache/>\n      <splash>\n        <enabled>true</enabled>\n        <inline-css-images>true</inline-css-images>\n      </splash>\n      <theme>default</theme>\n    </mobileweb>\n    <modules/>\n    <deployment-targets>\n      <target device=\"iphone\">false</target>\n      <target device=\"ipad\">false</target>\n      <target device=\"android\">true</target>\n      <target device=\"mobileweb\">false</target>\n      <target device=\"windows\">false</target>\n    </deployment-targets>\n    <sdk-version>5.0.0.GA</sdk-version>\n    <property name=\"appc-app-id\" type=\"string\">5909eb13738e5232238270cb</property>\n    <property name=\"acs-authbase-url-development\" type=\"string\">***</property>\n    <property name=\"acs-base-url-development\" type=\"string\">***</property>\n    <property name=\"acs-oauth-secret-development\" type=\"string\">***</property>\n    <property name=\"acs-oauth-key-development\" type=\"string\">***</property>\n    <property name=\"acs-api-key-development\" type=\"string\">***</property>\n    <property name=\"acs-username-development\" type=\"string\">***</property>\n    <property name=\"acs-password-development\" type=\"string\">***</property>\n    <property name=\"acs-authbase-url-production\" type=\"string\">***</property>\n    <property name=\"acs-base-url-production\" type=\"string\">***</property>\n    <property name=\"acs-oauth-secret-production\" type=\"string\">***</property>\n    <property name=\"acs-oauth-key-production\" type=\"string\">***</property>\n    <property name=\"acs-api-key-production\" type=\"string\">***</property>\n    <property name=\"acs-username-production\" type=\"string\">***</property>\n    <property name=\"acs-password-production\" type=\"string\">***</property>\n    <property name=\"appc-org-id\" type=\"string\">100141720</property>\n    <property name=\"appc-creator-user-id\" type=\"string\">498b16bf-dc92-4501-8f3a-6bc5e02ea16b</property>\n  </ti:app>","modules":[]},"gzip":true,"followAllRedirects":true,"url":"https://platform.appcelerator.com/api/v1/auth/build-verify"}
[TRACE]  result from /build-verify=> {"key":"tDSkcly9D4cS+MoCKW/86A==","pepper":"FICoWzBthlSyMLiYaLLf4Q==","hmacKey":"MfFusLvmM0dK/d6Z7gI8QQ==","o":100141720,"u":"498b16bf-dc92-4501-8f3a-6bc5e02ea16b","p":"starter","i":"590dadada3b24617ae811460","success":true}, err=null
[INFO]   JavaScript files need to be encrypted
[DEBUG]  Copying H:\Appcelerator Workspace\Code To Inspire\Resources
[DEBUG]  Ignoring H:\Appcelerator Workspace\Code To Inspire\Resources\android
[WARN]   Overwriting file H:\Appcelerator Workspace\Code To Inspire\build\android\bin\assets\Resources\assets\images\tab1.png
[DEBUG]  Copying H:\Appcelerator Workspace\Code To Inspire\Resources\assets\images\tab1.png => H:\Appcelerator Workspace\Code To Inspire\build\android\bin\assets\Resources\assets\images\tab1.png
[WARN]   Overwriting file H:\Appcelerator Workspace\Code To Inspire\build\android\bin\assets\Resources\assets\images\tab1@2x.png
[DEBUG]  Copying H:\Appcelerator Workspace\Code To Inspire\Resources\assets\images\tab1@2x.png => H:\Appcelerator Workspace\Code To Inspire\build\android\bin\assets\Resources\assets\images\tab1@2x.png
[WARN]   Overwriting file H:\Appcelerator Workspace\Code To Inspire\build\android\bin\assets\Resources\assets\images\tab1@3x.png
[DEBUG]  Copying H:\Appcelerator Workspace\Code To Inspire\Resources\assets\images\tab1@3x.png => H:\Appcelerator Workspace\Code To Inspire\build\android\bin\assets\Resources\assets\images\tab1@3x.png
[WARN]   Overwriting file H:\Appcelerator Workspace\Code To Inspire\build\android\bin\assets\Resources\assets\images\tab2.png
[DEBUG]  Copying H:\Appcelerator Workspace\Code To Inspire\Resources\assets\images\tab2.png => H:\Appcelerator Workspace\Code To Inspire\build\android\bin\assets\Resources\assets\images\tab2.png
[WARN]   Overwriting file H:\Appcelerator Workspace\Code To Inspire\build\android\bin\assets\Resources\assets\images\tab2@2x.png
[DEBUG]  Copying H:\Appcelerator Workspace\Code To Inspire\Resources\assets\images\tab2@2x.png => H:\Appcelerator Workspace\Code To Inspire\build\android\bin\assets\Resources\assets\images\tab2@2x.png
[WARN]   Overwriting file H:\Appcelerator Workspace\Code To Inspire\build\android\bin\assets\Resources\assets\images\tab2@3x.png
[DEBUG]  Copying H:\Appcelerator Workspace\Code To Inspire\Resources\assets\images\tab2@3x.png => H:\Appcelerator Workspace\Code To Inspire\build\android\bin\assets\Resources\assets\images\tab2@3x.png
[WARN]   Overwriting file H:\Appcelerator Workspace\Code To Inspire\build\android\bin\assets\Resources\image\courseIcon.png
[DEBUG]  Copying H:\Appcelerator Workspace\Code To Inspire\Resources\image\courseIcon.png => H:\Appcelerator Workspace\Code To Inspire\build\android\bin\assets\Resources\image\courseIcon.png
[WARN]   Overwriting file H:\Appcelerator Workspace\Code To Inspire\build\android\bin\assets\Resources\image\courses\developer coding at desk.png
[DEBUG]  Copying H:\Appcelerator Workspace\Code To Inspire\Resources\image\courses\developer coding at desk.png => H:\Appcelerator Workspace\Code To Inspire\build\android\bin\assets\Resources\image\courses\developer coding at desk.png
[WARN]   Overwriting file H:\Appcelerator Workspace\Code To Inspire\build\android\bin\assets\Resources\image\courses\game.png
[DEBUG]  Copying H:\Appcelerator Workspace\Code To Inspire\Resources\image\courses\game.png => H:\Appcelerator Workspace\Code To Inspire\build\android\bin\assets\Resources\image\courses\game.png
[WARN]   Overwriting file H:\Appcelerator Workspace\Code To Inspire\build\android\bin\assets\Resources\image\courses\game_icon.png
[DEBUG]  Copying H:\Appcelerator Workspace\Code To Inspire\Resources\image\courses\game_icon.png => H:\Appcelerator Workspace\Code To Inspire\build\android\bin\assets\Resources\image\courses\game_icon.png
[WARN]   Overwriting file H:\Appcelerator Workspace\Code To Inspire\build\android\bin\assets\Resources\image\courses\Graphic1.png
[DEBUG]  Copying H:\Appcelerator Workspace\Code To Inspire\Resources\image\courses\Graphic1.png => H:\Appcelerator Workspace\Code To Inspire\build\android\bin\assets\Resources\image\courses\Graphic1.png
[WARN]   Overwriting file H:\Appcelerator Workspace\Code To Inspire\build\android\bin\assets\Resources\image\courses\GraphicsCollage.png
[DEBUG]  Copying H:\Appcelerator Workspace\Code To Inspire\Resources\image\courses\GraphicsCollage.png => H:\Appcelerator Workspace\Code To Inspire\build\android\bin\assets\Resources\image\courses\GraphicsCollage.png
[WARN]   Overwriting file H:\Appcelerator Workspace\Code To Inspire\build\android\bin\assets\Resources\image\courses\graphic_icon.png
[DEBUG]  Copying H:\Appcelerator Workspace\Code To Inspire\Resources\image\courses\graphic_icon.png => H:\Appcelerator Workspace\Code To Inspire\build\android\bin\assets\Resources\image\courses\graphic_icon.png
[WARN]   Overwriting file H:\Appcelerator Workspace\Code To Inspire\build\android\bin\assets\Resources\image\courses\mobile app.png
[DEBUG]  Copying H:\Appcelerator Workspace\Code To Inspire\Resources\image\courses\mobile app.png => H:\Appcelerator Workspace\Code To Inspire\build\android\bin\assets\Resources\image\courses\mobile app.png
[WARN]   Overwriting file H:\Appcelerator Workspace\Code To Inspire\build\android\bin\assets\Resources\image\courses\mobile-app.png
[DEBUG]  Copying H:\Appcelerator Workspace\Code To Inspire\Resources\image\courses\mobile-app.png => H:\Appcelerator Workspace\Code To Inspire\build\android\bin\assets\Resources\image\courses\mobile-app.png
[WARN]   Overwriting file H:\Appcelerator Workspace\Code To Inspire\build\android\bin\assets\Resources\image\courses\Mobile-Application-Development.png
[DEBUG]  Copying H:\Appcelerator Workspace\Code To Inspire\Resources\image\courses\Mobile-Application-Development.png => H:\Appcelerator Workspace\Code To Inspire\build\android\bin\assets\Resources\image\courses\Mobile-Application-Development.png
[WARN]   Overwriting file H:\Appcelerator Workspace\Code To Inspire\build\android\bin\assets\Resources\image\courses\MobileApp_icon.png
[DEBUG]  Copying H:\Appcelerator Workspace\Code To Inspire\Resources\image\courses\MobileApp_icon.png => H:\Appcelerator Workspace\Code To Inspire\build\android\bin\assets\Resources\image\courses\MobileApp_icon.png
[WARN]   Overwriting file H:\Appcelerator Workspace\Code To Inspire\build\android\bin\assets\Resources\image\courses\web-design.png
[DEBUG]  Copying H:\Appcelerator Workspace\Code To Inspire\Resources\image\courses\web-design.png => H:\Appcelerator Workspace\Code To Inspire\build\android\bin\assets\Resources\image\courses\web-design.png
[WARN]   Overwriting file H:\Appcelerator Workspace\Code To Inspire\build\android\bin\assets\Resources\image\courses\webDesign-icon.png
[DEBUG]  Copying H:\Appcelerator Workspace\Code To Inspire\Resources\image\courses\webDesign-icon.png => H:\Appcelerator Workspace\Code To Inspire\build\android\bin\assets\Resources\image\courses\webDesign-icon.png
[WARN]   Overwriting file H:\Appcelerator Workspace\Code To Inspire\build\android\bin\assets\Resources\image\courses\website-design.png
[DEBUG]  Copying H:\Appcelerator Workspace\Code To Inspire\Resources\image\courses\website-design.png => H:\Appcelerator Workspace\Code To Inspire\build\android\bin\assets\Resources\image\courses\website-design.png
[WARN]   Overwriting file H:\Appcelerator Workspace\Code To Inspire\build\android\bin\assets\Resources\image\home\code.jpg
[DEBUG]  Copying H:\Appcelerator Workspace\Code To Inspire\Resources\image\home\code.jpg => H:\Appcelerator Workspace\Code To Inspire\build\android\bin\assets\Resources\image\home\code.jpg
[WARN]   Overwriting file H:\Appcelerator Workspace\Code To Inspire\build\android\bin\assets\Resources\image\home\cti.png
[DEBUG]  Copying H:\Appcelerator Workspace\Code To Inspire\Resources\image\home\cti.png => H:\Appcelerator Workspace\Code To Inspire\build\android\bin\assets\Resources\image\home\cti.png
[WARN]   Overwriting file H:\Appcelerator Workspace\Code To Inspire\build\android\bin\assets\Resources\image\home\GhzalleZaheer.png
[DEBUG]  Copying H:\Appcelerator Workspace\Code To Inspire\Resources\image\home\GhzalleZaheer.png => H:\Appcelerator Workspace\Code To Inspire\build\android\bin\assets\Resources\image\home\GhzalleZaheer.png
[WARN]   Overwriting file H:\Appcelerator Workspace\Code To Inspire\build\android\bin\assets\Resources\image\home\lifeFunction.jpg
[DEBUG]  Copying H:\Appcelerator Workspace\Code To Inspire\Resources\image\home\lifeFunction.jpg => H:\Appcelerator Workspace\Code To Inspire\build\android\bin\assets\Resources\image\home\lifeFunction.jpg
[WARN]   Overwriting file H:\Appcelerator Workspace\Code To Inspire\build\android\bin\assets\Resources\image\home\MEET-Fereshteh-Forough.png
[DEBUG]  Copying H:\Appcelerator Workspace\Code To Inspire\Resources\image\home\MEET-Fereshteh-Forough.png => H:\Appcelerator Workspace\Code To Inspire\build\android\bin\assets\Resources\image\home\MEET-Fereshteh-Forough.png
[WARN]   Overwriting file H:\Appcelerator Workspace\Code To Inspire\build\android\bin\assets\Resources\image\home\techAndEdu.jpg
[DEBUG]  Copying H:\Appcelerator Workspace\Code To Inspire\Resources\image\home\techAndEdu.jpg => H:\Appcelerator Workspace\Code To Inspire\build\android\bin\assets\Resources\image\home\techAndEdu.jpg
[WARN]   Overwriting file H:\Appcelerator Workspace\Code To Inspire\build\android\bin\assets\Resources\image\home\web-application-development.png
[DEBUG]  Copying H:\Appcelerator Workspace\Code To Inspire\Resources\image\home\web-application-development.png => H:\Appcelerator Workspace\Code To Inspire\build\android\bin\assets\Resources\image\home\web-application-development.png
[WARN]   Overwriting file H:\Appcelerator Workspace\Code To Inspire\build\android\bin\assets\Resources\image\home\white.jpg
[DEBUG]  Copying H:\Appcelerator Workspace\Code To Inspire\Resources\image\home\white.jpg => H:\Appcelerator Workspace\Code To Inspire\build\android\bin\assets\Resources\image\home\white.jpg
[WARN]   Overwriting file H:\Appcelerator Workspace\Code To Inspire\build\android\bin\assets\Resources\image\homeIcon.png
[DEBUG]  Copying H:\Appcelerator Workspace\Code To Inspire\Resources\image\homeIcon.png => H:\Appcelerator Workspace\Code To Inspire\build\android\bin\assets\Resources\image\homeIcon.png
[WARN]   Overwriting file H:\Appcelerator Workspace\Code To Inspire\build\android\bin\assets\Resources\image\team\AalemDaneshyar.png
[DEBUG]  Copying H:\Appcelerator Workspace\Code To Inspire\Resources\image\team\AalemDaneshyar.png => H:\Appcelerator Workspace\Code To Inspire\build\android\bin\assets\Resources\image\team\AalemDaneshyar.png
[WARN]   Overwriting file H:\Appcelerator Workspace\Code To Inspire\build\android\bin\assets\Resources\image\team\AzitaAzimi.png
[DEBUG]  Copying H:\Appcelerator Workspace\Code To Inspire\Resources\image\team\AzitaAzimi.png => H:\Appcelerator Workspace\Code To Inspire\build\android\bin\assets\Resources\image\team\AzitaAzimi.png
[WARN]   Overwriting file H:\Appcelerator Workspace\Code To Inspire\build\android\bin\assets\Resources\image\team\BenjaminDubow.png
[DEBUG]  Copying H:\Appcelerator Workspace\Code To Inspire\Resources\image\team\BenjaminDubow.png => H:\Appcelerator Workspace\Code To Inspire\build\android\bin\assets\Resources\image\team\BenjaminDubow.png
[WARN]   Overwriting file H:\Appcelerator Workspace\Code To Inspire\build\android\bin\assets\Resources\image\team\BillOttman.png
[DEBUG]  Copying H:\Appcelerator Workspace\Code To Inspire\Resources\image\team\BillOttman.png => H:\Appcelerator Workspace\Code To Inspire\build\android\bin\assets\Resources\image\team\BillOttman.png
[WARN]   Overwriting file H:\Appcelerator Workspace\Code To Inspire\build\android\bin\assets\Resources\image\team\brain_collaboration.jpg
[DEBUG]  Copying H:\Appcelerator Workspace\Code To Inspire\Resources\image\team\brain_collaboration.jpg => H:\Appcelerator Workspace\Code To Inspire\build\android\bin\assets\Resources\image\team\brain_collaboration.jpg
[WARN]   Overwriting file H:\Appcelerator Workspace\Code To Inspire\build\android\bin\assets\Resources\image\team\EhsanEhrari.png
[DEBUG]  Copying H:\Appcelerator Workspace\Code To Inspire\Resources\image\team\EhsanEhrari.png => H:\Appcelerator Workspace\Code To Inspire\build\android\bin\assets\Resources\image\team\EhsanEhrari.png
[WARN]   Overwriting file H:\Appcelerator Workspace\Code To Inspire\build\android\bin\assets\Resources\image\team\ElizabethMcCauley.png
[DEBUG]  Copying H:\Appcelerator Workspace\Code To Inspire\Resources\image\team\ElizabethMcCauley.png => H:\Appcelerator Workspace\Code To Inspire\build\android\bin\assets\Resources\image\team\ElizabethMcCauley.png
[WARN]   Overwriting file H:\Appcelerator Workspace\Code To Inspire\build\android\bin\assets\Resources\image\team\EvannaHu.png
[DEBUG]  Copying H:\Appcelerator Workspace\Code To Inspire\Resources\image\team\EvannaHu.png => H:\Appcelerator Workspace\Code To Inspire\build\android\bin\assets\Resources\image\team\EvannaHu.png
[WARN]   Overwriting file H:\Appcelerator Workspace\Code To Inspire\build\android\bin\assets\Resources\image\team\FereshtehForough.png
[DEBUG]  Copying H:\Appcelerator Workspace\Code To Inspire\Resources\image\team\FereshtehForough.png => H:\Appcelerator Workspace\Code To Inspire\build\android\bin\assets\Resources\image\team\FereshtehForough.png
[WARN]   Overwriting file H:\Appcelerator Workspace\Code To Inspire\build\android\bin\assets\Resources\image\team\HasibRassa.png
[DEBUG]  Copying H:\Appcelerator Workspace\Code To Inspire\Resources\image\team\HasibRassa.png => H:\Appcelerator Workspace\Code To Inspire\build\android\bin\assets\Resources\image\team\HasibRassa.png
[WARN]   Overwriting file H:\Appcelerator Workspace\Code To Inspire\build\android\bin\assets\Resources\image\team\HemantRamachandra.png
[DEBUG]  Copying H:\Appcelerator Workspace\Code To Inspire\Resources\image\team\HemantRamachandra.png => H:\Appcelerator Workspace\Code To Inspire\build\android\bin\assets\Resources\image\team\HemantRamachandra.png
[WARN]   Overwriting file H:\Appcelerator Workspace\Code To Inspire\build\android\bin\assets\Resources\image\team\JanaLevene.png
[DEBUG]  Copying H:\Appcelerator Workspace\Code To Inspire\Resources\image\team\JanaLevene.png => H:\Appcelerator Workspace\Code To Inspire\build\android\bin\assets\Resources\image\team\JanaLevene.png
[WARN]   Overwriting file H:\Appcelerator Workspace\Code To Inspire\build\android\bin\assets\Resources\image\team\JohnLilic.png
[DEBUG]  Copying H:\Appcelerator Workspace\Code To Inspire\Resources\image\team\JohnLilic.png => H:\Appcelerator Workspace\Code To Inspire\build\android\bin\assets\Resources\image\team\JohnLilic.png
[WARN]   Overwriting file H:\Appcelerator Workspace\Code To Inspire\build\android\bin\assets\Resources\image\team\JuddBagley.png
[DEBUG]  Copying H:\Appcelerator Workspace\Code To Inspire\Resources\image\team\JuddBagley.png => H:\Appcelerator Workspace\Code To Inspire\build\android\bin\assets\Resources\image\team\JuddBagley.png
[WARN]   Overwriting file H:\Appcelerator Workspace\Code To Inspire\build\android\bin\assets\Resources\image\team\MarkAgostino.png
[DEBUG]  Copying H:\Appcelerator Workspace\Code To Inspire\Resources\image\team\MarkAgostino.png => H:\Appcelerator Workspace\Code To Inspire\build\android\bin\assets\Resources\image\team\MarkAgostino.png
[WARN]   Overwriting file H:\Appcelerator Workspace\Code To Inspire\build\android\bin\assets\Resources\image\team\NahidAhmadi.png
[DEBUG]  Copying H:\Appcelerator Workspace\Code To Inspire\Resources\image\team\NahidAhmadi.png => H:\Appcelerator Workspace\Code To Inspire\build\android\bin\assets\Resources\image\team\NahidAhmadi.png
[WARN]   Overwriting file H:\Appcelerator Workspace\Code To Inspire\build\android\bin\assets\Resources\image\team\SamuelBrylski.png
[DEBUG]  Copying H:\Appcelerator Workspace\Code To Inspire\Resources\image\team\SamuelBrylski.png => H:\Appcelerator Workspace\Code To Inspire\build\android\bin\assets\Resources\image\team\SamuelBrylski.png
[WARN]   Overwriting file H:\Appcelerator Workspace\Code To Inspire\build\android\bin\assets\Resources\image\team\ShaneBrauner.png
[DEBUG]  Copying H:\Appcelerator Workspace\Code To Inspire\Resources\image\team\ShaneBrauner.png => H:\Appcelerator Workspace\Code To Inspire\build\android\bin\assets\Resources\image\team\ShaneBrauner.png
[WARN]   Overwriting file H:\Appcelerator Workspace\Code To Inspire\build\android\bin\assets\Resources\image\teamicon.png
[DEBUG]  Copying H:\Appcelerator Workspace\Code To Inspire\Resources\image\teamicon.png => H:\Appcelerator Workspace\Code To Inspire\build\android\bin\assets\Resources\image\teamicon.png
[DEBUG]  Copying H:\Appcelerator Workspace\Code To Inspire\Resources\android
[WARN]   Overwriting file H:\Appcelerator Workspace\Code To Inspire\build\android\bin\assets\Resources\appicon.png
[DEBUG]  Copying H:\Appcelerator Workspace\Code To Inspire\Resources\android\appicon.png => H:\Appcelerator Workspace\Code To Inspire\build\android\bin\assets\Resources\appicon.png
[WARN]   Overwriting file H:\Appcelerator Workspace\Code To Inspire\build\android\bin\assets\Resources\images\appicon.png
[DEBUG]  Copying H:\Appcelerator Workspace\Code To Inspire\Resources\android\images\appicon.png => H:\Appcelerator Workspace\Code To Inspire\build\android\bin\assets\Resources\images\appicon.png
[DEBUG]  Copying H:\Appcelerator Workspace\Code To Inspire\Resources\android\images\res-hdpi\AalemDaneshyar.png => H:\Appcelerator Workspace\Code To Inspire\build\android\res\drawable-hdpi\aalemdaneshyar_5a2aa5d8c9.png
[DEBUG]  Copying H:\Appcelerator Workspace\Code To Inspire\Resources\android\images\res-hdpi\AzitaAzimi.png => H:\Appcelerator Workspace\Code To Inspire\build\android\res\drawable-hdpi\azitaazimi_2d58e7e2ff.png
[DEBUG]  Copying H:\Appcelerator Workspace\Code To Inspire\Resources\android\images\res-hdpi\BenjaminDubow.png => H:\Appcelerator Workspace\Code To Inspire\build\android\res\drawable-hdpi\benjamindubow_a612101702.png
[DEBUG]  Copying H:\Appcelerator Workspace\Code To Inspire\Resources\android\images\res-hdpi\BillOttman.png => H:\Appcelerator Workspace\Code To Inspire\build\android\res\drawable-hdpi\billottman_97c48ea517.png
[DEBUG]  Copying H:\Appcelerator Workspace\Code To Inspire\Resources\android\images\res-hdpi\EhsanEhrari.png => H:\Appcelerator Workspace\Code To Inspire\build\android\res\drawable-hdpi\ehsanehrari_2dc03fd53c.png
[DEBUG]  Copying H:\Appcelerator Workspace\Code To Inspire\Resources\android\images\res-hdpi\ElizabethMcCauley.png => H:\Appcelerator Workspace\Code To Inspire\build\android\res\drawable-hdpi\elizabethmccauley_26bde9f4dc.png
[DEBUG]  Copying H:\Appcelerator Workspace\Code To Inspire\Resources\android\images\res-hdpi\EvannaHu.png => H:\Appcelerator Workspace\Code To Inspire\build\android\res\drawable-hdpi\evannahu_311898acec.png
[DEBUG]  Copying H:\Appcelerator Workspace\Code To Inspire\Resources\android\images\res-hdpi\FreshtaFrough.png => H:\Appcelerator Workspace\Code To Inspire\build\android\res\drawable-hdpi\freshtafrough_bb9199a52f.png
[DEBUG]  Copying H:\Appcelerator Workspace\Code To Inspire\Resources\android\images\res-hdpi\HasibRassa.png => H:\Appcelerator Workspace\Code To Inspire\build\android\res\drawable-hdpi\hasibrassa_3cdbacdf29.png
[DEBUG]  Copying H:\Appcelerator Workspace\Code To Inspire\Resources\android\images\res-hdpi\HemantRamachandra.png => H:\Appcelerator Workspace\Code To Inspire\build\android\res\drawable-hdpi\hemantramachandra_def8956bec.png
[DEBUG]  Copying H:\Appcelerator Workspace\Code To Inspire\Resources\android\images\res-hdpi\JanaLevene.png => H:\Appcelerator Workspace\Code To Inspire\build\android\res\drawable-hdpi\janalevene_18d69d4f37.png
[DEBUG]  Copying H:\Appcelerator Workspace\Code To Inspire\Resources\android\images\res-hdpi\JohnLilic.png => H:\Appcelerator Workspace\Code To Inspire\build\android\res\drawable-hdpi\johnlilic_18f52c6eda.png
[DEBUG]  Copying H:\Appcelerator Workspace\Code To Inspire\Resources\android\images\res-hdpi\JuddBagley.png => H:\Appcelerator Workspace\Code To Inspire\build\android\res\drawable-hdpi\juddbagley_aba91c5c4d.png
[DEBUG]  Copying H:\Appcelerator Workspace\Code To Inspire\Resources\android\images\res-hdpi\MarkAgostino.png => H:\Appcelerator Workspace\Code To Inspire\build\android\res\drawable-hdpi\markagostino_a916e9e4dc.png
[DEBUG]  Copying H:\Appcelerator Workspace\Code To Inspire\Resources\android\images\res-hdpi\NahidAhmadi.png => H:\Appcelerator Workspace\Code To Inspire\build\android\res\drawable-hdpi\nahidahmadi_49408f91d4.png
[DEBUG]  Copying H:\Appcelerator Workspace\Code To Inspire\Resources\android\images\res-hdpi\SamuelBrylski.png => H:\Appcelerator Workspace\Code To Inspire\build\android\res\drawable-hdpi\samuelbrylski_4feff572d1.png
[DEBUG]  Copying H:\Appcelerator Workspace\Code To Inspire\Resources\android\images\res-hdpi\ShaneBrauner.png => H:\Appcelerator Workspace\Code To Inspire\build\android\res\drawable-hdpi\shanebrauner_443a33e9da.png
[DEBUG]  Copying H:\Appcelerator Workspace\Code To Inspire\Resources\android\images\res-mdpi\AalemDaneshyar.png => H:\Appcelerator Workspace\Code To Inspire\build\android\res\drawable-mdpi\aalemdaneshyar_5a2aa5d8c9.png
[DEBUG]  Copying H:\Appcelerator Workspace\Code To Inspire\Resources\android\images\res-mdpi\AzitaAzimi.png => H:\Appcelerator Workspace\Code To Inspire\build\android\res\drawable-mdpi\azitaazimi_2d58e7e2ff.png
[DEBUG]  Copying H:\Appcelerator Workspace\Code To Inspire\Resources\android\images\res-mdpi\BenjaminDubow.png => H:\Appcelerator Workspace\Code To Inspire\build\android\res\drawable-mdpi\benjamindubow_a612101702.png
[DEBUG]  Copying H:\Appcelerator Workspace\Code To Inspire\Resources\android\images\res-mdpi\BillOttman.png => H:\Appcelerator Workspace\Code To Inspire\build\android\res\drawable-mdpi\billottman_97c48ea517.png
[DEBUG]  Copying H:\Appcelerator Workspace\Code To Inspire\Resources\android\images\res-mdpi\EhsanEhrari.png => H:\Appcelerator Workspace\Code To Inspire\build\android\res\drawable-mdpi\ehsanehrari_2dc03fd53c.png
[DEBUG]  Copying H:\Appcelerator Workspace\Code To Inspire\Resources\android\images\res-mdpi\ElizabethMcCauley.png => H:\Appcelerator Workspace\Code To Inspire\build\android\res\drawable-mdpi\elizabethmccauley_26bde9f4dc.png
[DEBUG]  Copying H:\Appcelerator Workspace\Code To Inspire\Resources\android\images\res-mdpi\EvannaHu.png => H:\Appcelerator Workspace\Code To Inspire\build\android\res\drawable-mdpi\evannahu_311898acec.png
[DEBUG]  Copying H:\Appcelerator Workspace\Code To Inspire\Resources\android\images\res-mdpi\FreshtaFrough.png => H:\Appcelerator Workspace\Code To Inspire\build\android\res\drawable-mdpi\freshtafrough_bb9199a52f.png
[DEBUG]  Copying H:\Appcelerator Workspace\Code To Inspire\Resources\android\images\res-mdpi\HasibRassa.png => H:\Appcelerator Workspace\Code To Inspire\build\android\res\drawable-mdpi\hasibrassa_3cdbacdf29.png
[DEBUG]  Copying H:\Appcelerator Workspace\Code To Inspire\Resources\android\images\res-mdpi\HemantRamachandra.png => H:\Appcelerator Workspace\Code To Inspire\build\android\res\drawable-mdpi\hemantramachandra_def8956bec.png
[DEBUG]  Copying H:\Appcelerator Workspace\Code To Inspire\Resources\android\images\res-mdpi\JanaLevene.png => H:\Appcelerator Workspace\Code To Inspire\build\android\res\drawable-mdpi\janalevene_18d69d4f37.png
[DEBUG]  Copying H:\Appcelerator Workspace\Code To Inspire\Resources\android\images\res-mdpi\JohnLilic.png => H:\Appcelerator Workspace\Code To Inspire\build\android\res\drawable-mdpi\johnlilic_18f52c6eda.png
[DEBUG]  Copying H:\Appcelerator Workspace\Code To Inspire\Resources\android\images\res-mdpi\JuddBagley.png => H:\Appcelerator Workspace\Code To Inspire\build\android\res\drawable-mdpi\juddbagley_aba91c5c4d.png
[DEBUG]  Copying H:\Appcelerator Workspace\Code To Inspire\Resources\android\images\res-mdpi\MarkAgostino.png => H:\Appcelerator Workspace\Code To Inspire\build\android\res\drawable-mdpi\markagostino_a916e9e4dc.png
[DEBUG]  Copying H:\Appcelerator Workspace\Code To Inspire\Resources\android\images\res-mdpi\NahidAhmadi.png => H:\Appcelerator Workspace\Code To Inspire\build\android\res\drawable-mdpi\nahidahmadi_49408f91d4.png
[DEBUG]  Copying H:\Appcelerator Workspace\Code To Inspire\Resources\android\images\res-mdpi\SamuelBrylski.png => H:\Appcelerator Workspace\Code To Inspire\build\android\res\drawable-mdpi\samuelbrylski_4feff572d1.png
[DEBUG]  Copying H:\Appcelerator Workspace\Code To Inspire\Resources\android\images\res-mdpi\ShaneBrauner.png => H:\Appcelerator Workspace\Code To Inspire\build\android\res\drawable-mdpi\shanebrauner_443a33e9da.png
[DEBUG]  Copying H:\Appcelerator Workspace\Code To Inspire\Resources\android\images\res-xhdpi\AalemDaneshyar.png => H:\Appcelerator Workspace\Code To Inspire\build\android\res\drawable-xhdpi\aalemdaneshyar_5a2aa5d8c9.png
[DEBUG]  Copying H:\Appcelerator Workspace\Code To Inspire\Resources\android\images\res-xhdpi\AzitaAzimi.png => H:\Appcelerator Workspace\Code To Inspire\build\android\res\drawable-xhdpi\azitaazimi_2d58e7e2ff.png
[DEBUG]  Copying H:\Appcelerator Workspace\Code To Inspire\Resources\android\images\res-xhdpi\BenjaminDubow.png => H:\Appcelerator Workspace\Code To Inspire\build\android\res\drawable-xhdpi\benjamindubow_a612101702.png
[DEBUG]  Copying H:\Appcelerator Workspace\Code To Inspire\Resources\android\images\res-xhdpi\BillOttman.png => H:\Appcelerator Workspace\Code To Inspire\build\android\res\drawable-xhdpi\billottman_97c48ea517.png
[DEBUG]  Copying H:\Appcelerator Workspace\Code To Inspire\Resources\android\images\res-xhdpi\EhsanEhrari.png => H:\Appcelerator Workspace\Code To Inspire\build\android\res\drawable-xhdpi\ehsanehrari_2dc03fd53c.png
[DEBUG]  Copying H:\Appcelerator Workspace\Code To Inspire\Resources\android\images\res-xhdpi\ElizabethMcCauley.png => H:\Appcelerator Workspace\Code To Inspire\build\android\res\drawable-xhdpi\elizabethmccauley_26bde9f4dc.png
[DEBUG]  Copying H:\Appcelerator Workspace\Code To Inspire\Resources\android\images\res-xhdpi\EvannaHu.png => H:\Appcelerator Workspace\Code To Inspire\build\android\res\drawable-xhdpi\evannahu_311898acec.png
[DEBUG]  Copying H:\Appcelerator Workspace\Code To Inspire\Resources\android\images\res-xhdpi\FreshtaFrough.png => H:\Appcelerator Workspace\Code To Inspire\build\android\res\drawable-xhdpi\freshtafrough_bb9199a52f.png
[DEBUG]  Copying H:\Appcelerator Workspace\Code To Inspire\Resources\android\images\res-xhdpi\HasibRassa.png => H:\Appcelerator Workspace\Code To Inspire\build\android\res\drawable-xhdpi\hasibrassa_3cdbacdf29.png
[DEBUG]  Copying H:\Appcelerator Workspace\Code To Inspire\Resources\android\images\res-xhdpi\HemantRamachandra.png => H:\Appcelerator Workspace\Code To Inspire\build\android\res\drawable-xhdpi\hemantramachandra_def8956bec.png
[DEBUG]  Copying H:\Appcelerator Workspace\Code To Inspire\Resources\android\images\res-xhdpi\JanaLevene.png => H:\Appcelerator Workspace\Code To Inspire\build\android\res\drawable-xhdpi\janalevene_18d69d4f37.png
[DEBUG]  Copying H:\Appcelerator Workspace\Code To Inspire\Resources\android\images\res-xhdpi\JohnLilic.png => H:\Appcelerator Workspace\Code To Inspire\build\android\res\drawable-xhdpi\johnlilic_18f52c6eda.png
[DEBUG]  Copying H:\Appcelerator Workspace\Code To Inspire\Resources\android\images\res-xhdpi\JuddBagley.png => H:\Appcelerator Workspace\Code To Inspire\build\android\res\drawable-xhdpi\juddbagley_aba91c5c4d.png
[DEBUG]  Copying H:\Appcelerator Workspace\Code To Inspire\Resources\android\images\res-xhdpi\MarkAgostino.png => H:\Appcelerator Workspace\Code To Inspire\build\android\res\drawable-xhdpi\markagostino_a916e9e4dc.png
[DEBUG]  Copying H:\Appcelerator Workspace\Code To Inspire\Resources\android\images\res-xhdpi\NahidAhmadi.png => H:\Appcelerator Workspace\Code To Inspire\build\android\res\drawable-xhdpi\nahidahmadi_49408f91d4.png
[DEBUG]  Copying H:\Appcelerator Workspace\Code To Inspire\Resources\android\images\res-xhdpi\SamuelBrylski.png => H:\Appcelerator Workspace\Code To Inspire\build\android\res\drawable-xhdpi\samuelbrylski_4feff572d1.png
[DEBUG]  Copying H:\Appcelerator Workspace\Code To Inspire\Resources\android\images\res-xhdpi\ShaneBrauner.png => H:\Appcelerator Workspace\Code To Inspire\build\android\res\drawable-xhdpi\shanebrauner_443a33e9da.png
[DEBUG]  Copying H:\Appcelerator Workspace\Code To Inspire\Resources\android\images\res-xxhdpi\AalemDaneshyar.png => H:\Appcelerator Workspace\Code To Inspire\build\android\res\drawable-xxhdpi\aalemdaneshyar_5a2aa5d8c9.png
[DEBUG]  Copying H:\Appcelerator Workspace\Code To Inspire\Resources\android\images\res-xxhdpi\AzitaAzimi.png => H:\Appcelerator Workspace\Code To Inspire\build\android\res\drawable-xxhdpi\azitaazimi_2d58e7e2ff.png
[DEBUG]  Copying H:\Appcelerator Workspace\Code To Inspire\Resources\android\images\res-xxhdpi\BenjaminDubow.png => H:\Appcelerator Workspace\Code To Inspire\build\android\res\drawable-xxhdpi\benjamindubow_a612101702.png
[DEBUG]  Copying H:\Appcelerator Workspace\Code To Inspire\Resources\android\images\res-xxhdpi\BillOttman.png => H:\Appcelerator Workspace\Code To Inspire\build\android\res\drawable-xxhdpi\billottman_97c48ea517.png
[DEBUG]  Copying H:\Appcelerator Workspace\Code To Inspire\Resources\android\images\res-xxhdpi\EhsanEhrari.png => H:\Appcelerator Workspace\Code To Inspire\build\android\res\drawable-xxhdpi\ehsanehrari_2dc03fd53c.png
[DEBUG]  Copying H:\Appcelerator Workspace\Code To Inspire\Resources\android\images\res-xxhdpi\ElizabethMcCauley.png => H:\Appcelerator Workspace\Code To Inspire\build\android\res\drawable-xxhdpi\elizabethmccauley_26bde9f4dc.png
[DEBUG]  Copying H:\Appcelerator Workspace\Code To Inspire\Resources\android\images\res-xxhdpi\EvannaHu.png => H:\Appcelerator Workspace\Code To Inspire\build\android\res\drawable-xxhdpi\evannahu_311898acec.png
[DEBUG]  Copying H:\Appcelerator Workspace\Code To Inspire\Resources\android\images\res-xxhdpi\FreshtaFrough.png => H:\Appcelerator Workspace\Code To Inspire\build\android\res\drawable-xxhdpi\freshtafrough_bb9199a52f.png
[DEBUG]  Copying H:\Appcelerator Workspace\Code To Inspire\Resources\android\images\res-xxhdpi\HasibRassa.png => H:\Appcelerator Workspace\Code To Inspire\build\android\res\drawable-xxhdpi\hasibrassa_3cdbacdf29.png
[DEBUG]  Copying H:\Appcelerator Workspace\Code To Inspire\Resources\android\images\res-xxhdpi\HemantRamachandra.png => H:\Appcelerator Workspace\Code To Inspire\build\android\res\drawable-xxhdpi\hemantramachandra_def8956bec.png
[DEBUG]  Copying H:\Appcelerator Workspace\Code To Inspire\Resources\android\images\res-xxhdpi\JanaLevene.png => H:\Appcelerator Workspace\Code To Inspire\build\android\res\drawable-xxhdpi\janalevene_18d69d4f37.png
[DEBUG]  Copying H:\Appcelerator Workspace\Code To Inspire\Resources\android\images\res-xxhdpi\JohnLilic.png => H:\Appcelerator Workspace\Code To Inspire\build\android\res\drawable-xxhdpi\johnlilic_18f52c6eda.png
[DEBUG]  Copying H:\Appcelerator Workspace\Code To Inspire\Resources\android\images\res-xxhdpi\JuddBagley.png => H:\Appcelerator Workspace\Code To Inspire\build\android\res\drawable-xxhdpi\juddbagley_aba91c5c4d.png
[DEBUG]  Copying H:\Appcelerator Workspace\Code To Inspire\Resources\android\images\res-xxhdpi\MarkAgostino.png => H:\Appcelerator Workspace\Code To Inspire\build\android\res\drawable-xxhdpi\markagostino_a916e9e4dc.png
[DEBUG]  Copying H:\Appcelerator Workspace\Code To Inspire\Resources\android\images\res-xxhdpi\NahidAhmadi.png => H:\Appcelerator Workspace\Code To Inspire\build\android\res\drawable-xxhdpi\nahidahmadi_49408f91d4.png
[DEBUG]  Copying H:\Appcelerator Workspace\Code To Inspire\Resources\android\images\res-xxhdpi\SamuelBrylski.png => H:\Appcelerator Workspace\Code To Inspire\build\android\res\drawable-xxhdpi\samuelbrylski_4feff572d1.png
[DEBUG]  Copying H:\Appcelerator Workspace\Code To Inspire\Resources\android\images\res-xxhdpi\ShaneBrauner.png => H:\Appcelerator Workspace\Code To Inspire\build\android\res\drawable-xxhdpi\shanebrauner_443a33e9da.png
[DEBUG]  Copying H:\Appcelerator Workspace\Code To Inspire\Resources\android\images\res-xxxhdpi\AalemDaneshyar.png => H:\Appcelerator Workspace\Code To Inspire\build\android\res\drawable-xxxhdpi\aalemdaneshyar_5a2aa5d8c9.png
[DEBUG]  Copying H:\Appcelerator Workspace\Code To Inspire\Resources\android\images\res-xxxhdpi\AzitaAzimi.png => H:\Appcelerator Workspace\Code To Inspire\build\android\res\drawable-xxxhdpi\azitaazimi_2d58e7e2ff.png
[DEBUG]  Copying H:\Appcelerator Workspace\Code To Inspire\Resources\android\images\res-xxxhdpi\BenjaminDubow.png => H:\Appcelerator Workspace\Code To Inspire\build\android\res\drawable-xxxhdpi\benjamindubow_a612101702.png
[DEBUG]  Copying H:\Appcelerator Workspace\Code To Inspire\Resources\android\images\res-xxxhdpi\BillOttman.png => H:\Appcelerator Workspace\Code To Inspire\build\android\res\drawable-xxxhdpi\billottman_97c48ea517.png
[DEBUG]  Copying H:\Appcelerator Workspace\Code To Inspire\Resources\android\images\res-xxxhdpi\EhsanEhrari.png => H:\Appcelerator Workspace\Code To Inspire\build\android\res\drawable-xxxhdpi\ehsanehrari_2dc03fd53c.png
[DEBUG]  Copying H:\Appcelerator Workspace\Code To Inspire\Resources\android\images\res-xxxhdpi\ElizabethMcCauley.png => H:\Appcelerator Workspace\Code To Inspire\build\android\res\drawable-xxxhdpi\elizabethmccauley_26bde9f4dc.png
[DEBUG]  Copying H:\Appcelerator Workspace\Code To Inspire\Resources\android\images\res-xxxhdpi\EvannaHu.png => H:\Appcelerator Workspace\Code To Inspire\build\android\res\drawable-xxxhdpi\evannahu_311898acec.png
[DEBUG]  Copying H:\Appcelerator Workspace\Code To Inspire\Resources\android\images\res-xxxhdpi\FereshtehForough.png => H:\Appcelerator Workspace\Code To Inspire\build\android\res\drawable-xxxhdpi\fereshtehforough_c69b95b01e.png
[DEBUG]  Copying H:\Appcelerator Workspace\Code To Inspire\Resources\android\images\res-xxxhdpi\HasibRassa.png => H:\Appcelerator Workspace\Code To Inspire\build\android\res\drawable-xxxhdpi\hasibrassa_3cdbacdf29.png
[DEBUG]  Copying H:\Appcelerator Workspace\Code To Inspire\Resources\android\images\res-xxxhdpi\HemantRamachandra.png => H:\Appcelerator Workspace\Code To Inspire\build\android\res\drawable-xxxhdpi\hemantramachandra_def8956bec.png
[DEBUG]  Copying H:\Appcelerator Workspace\Code To Inspire\Resources\android\images\res-xxxhdpi\JanaLevene.png => H:\Appcelerator Workspace\Code To Inspire\build\android\res\drawable-xxxhdpi\janalevene_18d69d4f37.png
[DEBUG]  Copying H:\Appcelerator Workspace\Code To Inspire\Resources\android\images\res-xxxhdpi\JohnLilic.png => H:\Appcelerator Workspace\Code To Inspire\build\android\res\drawable-xxxhdpi\johnlilic_18f52c6eda.png
[DEBUG]  Copying H:\Appcelerator Workspace\Code To Inspire\Resources\android\images\res-xxxhdpi\JuddBagley.png => H:\Appcelerator Workspace\Code To Inspire\build\android\res\drawable-xxxhdpi\juddbagley_aba91c5c4d.png
[DEBUG]  Copying H:\Appcelerator Workspace\Code To Inspire\Resources\android\images\res-xxxhdpi\MarkAgostino.png => H:\Appcelerator Workspace\Code To Inspire\build\android\res\drawable-xxxhdpi\markagostino_a916e9e4dc.png
[DEBUG]  Copying H:\Appcelerator Workspace\Code To Inspire\Resources\android\images\res-xxxhdpi\NahidAhmadi.png => H:\Appcelerator Workspace\Code To Inspire\build\android\res\drawable-xxxhdpi\nahidahmadi_49408f91d4.png
[DEBUG]  Copying H:\Appcelerator Workspace\Code To Inspire\Resources\android\images\res-xxxhdpi\SamuelBrylski.png => H:\Appcelerator Workspace\Code To Inspire\build\android\res\drawable-xxxhdpi\samuelbrylski_4feff572d1.png
[DEBUG]  Copying H:\Appcelerator Workspace\Code To Inspire\Resources\android\images\res-xxxhdpi\ShaneBrauner.png => H:\Appcelerator Workspace\Code To Inspire\build\android\res\drawable-xxxhdpi\shanebrauner_443a33e9da.png
[DEBUG]  Copying H:\Appcelerator Workspace\Code To Inspire\platform\android\res\drawable-hdpi\appicon.png => H:\Appcelerator Workspace\Code To Inspire\build\android\res\drawable-hdpi\appicon.png
[DEBUG]  Copying H:\Appcelerator Workspace\Code To Inspire\platform\android\res\drawable-hdpi\background.9.png => H:\Appcelerator Workspace\Code To Inspire\build\android\res\drawable-hdpi\background.9.png
[DEBUG]  Copying H:\Appcelerator Workspace\Code To Inspire\platform\android\res\drawable-mdpi\appicon.png => H:\Appcelerator Workspace\Code To Inspire\build\android\res\drawable-mdpi\appicon.png
[DEBUG]  Copying H:\Appcelerator Workspace\Code To Inspire\platform\android\res\drawable-mdpi\background.9.png => H:\Appcelerator Workspace\Code To Inspire\build\android\res\drawable-mdpi\background.9.png
[DEBUG]  Copying H:\Appcelerator Workspace\Code To Inspire\platform\android\res\drawable-xhdpi\appicon.png => H:\Appcelerator Workspace\Code To Inspire\build\android\res\drawable-xhdpi\appicon.png
[DEBUG]  Copying H:\Appcelerator Workspace\Code To Inspire\platform\android\res\drawable-xhdpi\background.9.png => H:\Appcelerator Workspace\Code To Inspire\build\android\res\drawable-xhdpi\background.9.png
[DEBUG]  Copying H:\Appcelerator Workspace\Code To Inspire\platform\android\res\drawable-xxhdpi\appicon.png => H:\Appcelerator Workspace\Code To Inspire\build\android\res\drawable-xxhdpi\appicon.png
[DEBUG]  Copying H:\Appcelerator Workspace\Code To Inspire\platform\android\res\drawable-xxhdpi\background.9.png => H:\Appcelerator Workspace\Code To Inspire\build\android\res\drawable-xxhdpi\background.9.png
[DEBUG]  Copying H:\Appcelerator Workspace\Code To Inspire\platform\android\res\drawable-xxxhdpi\appicon.png => H:\Appcelerator Workspace\Code To Inspire\build\android\res\drawable-xxxhdpi\appicon.png
[DEBUG]  Copying H:\Appcelerator Workspace\Code To Inspire\platform\android\res\drawable-xxxhdpi\background.9.png => H:\Appcelerator Workspace\Code To Inspire\build\android\res\drawable-xxxhdpi\background.9.png
[DEBUG]  Copying H:\Appcelerator Workspace\Code To Inspire\build\android\bin\assets\Resources\appicon.png => H:\Appcelerator Workspace\Code To Inspire\build\android\res\drawable\appicon.png
[DEBUG]  Copying C:\ProgramData\Titanium\mobilesdk\win32\5.0.0.GA\android\templates\app\default\template\Resources\android\default.png => H:\Appcelerator Workspace\Code To Inspire\build\android\res\drawable\background.png
[INFO]   Processing JavaScript files
[DEBUG]  Copying and minifying H:\Appcelerator Workspace\Code To Inspire\Resources\about.js => H:\Appcelerator Workspace\Code To Inspire\build\android\assets\about.js
[DEBUG]  Copying and minifying H:\Appcelerator Workspace\Code To Inspire\Resources\app.js => H:\Appcelerator Workspace\Code To Inspire\build\android\assets\app.js
[DEBUG]  Copying and minifying H:\Appcelerator Workspace\Code To Inspire\Resources\Courses.js => H:\Appcelerator Workspace\Code To Inspire\build\android\assets\Courses.js
[DEBUG]  Copying and minifying H:\Appcelerator Workspace\Code To Inspire\Resources\courseWin.js => H:\Appcelerator Workspace\Code To Inspire\build\android\assets\courseWin.js
[DEBUG]  Copying and minifying H:\Appcelerator Workspace\Code To Inspire\Resources\Home.js => H:\Appcelerator Workspace\Code To Inspire\build\android\assets\Home.js
[DEBUG]  Copying and minifying H:\Appcelerator Workspace\Code To Inspire\Resources\Team.js => H:\Appcelerator Workspace\Code To Inspire\build\android\assets\Team.js
[DEBUG]  Copying and minifying H:\Appcelerator Workspace\Code To Inspire\Resources\teamWin.js => H:\Appcelerator Workspace\Code To Inspire\build\android\assets\teamWin.js
[INFO]   Encrypting JavaScript files: C:\ProgramData\Titanium\mobilesdk\win32\5.0.0.GA\android\titanium_prep.win32.exe "com.cti.cti" "H:\Appcelerator Workspace\Code To Inspire\build\android\assets" "about.js" "app.js" "Courses.js" "courseWin.js" "Home.js" "Team.js" "teamWin.js" "_app_props_.json"
[DEBUG]  32-bit titanium prep failed, trying again using 64-bit
[INFO]   Encrypting JavaScript files: C:\ProgramData\Titanium\mobilesdk\win32\5.0.0.GA\android\titanium_prep.win64.exe "com.cti.cti" "H:\Appcelerator Workspace\Code To Inspire\build\android\assets" "about.js" "app.js" "Courses.js" "courseWin.js" "Home.js" "Team.js" "teamWin.js" "_app_props_.json"
[DEBUG]  Adding library C:\ProgramData\Titanium\mobilesdk\win32\5.0.0.GA\android\kroll-v8.jar
[DEBUG]  Adding library C:\ProgramData\Titanium\mobilesdk\win32\5.0.0.GA\android\modules\titanium-analytics.jar
[DEBUG]  Adding dependency library C:\ProgramData\Titanium\mobilesdk\win32\5.0.0.GA\android\aps-analytics.jar
[DEBUG]  Adding library C:\ProgramData\Titanium\mobilesdk\win32\5.0.0.GA\android\modules\titanium-android.jar
[DEBUG]  Adding dependency library C:\ProgramData\Titanium\mobilesdk\win32\5.0.0.GA\android\jaxen-1.1.1.jar
[DEBUG]  Adding dependency library C:\ProgramData\Titanium\mobilesdk\win32\5.0.0.GA\android\ti-commons-codec-1.3.jar
[DEBUG]  Adding dependency library C:\ProgramData\Titanium\mobilesdk\win32\5.0.0.GA\android\kroll-common.jar
[DEBUG]  Adding dependency library C:\ProgramData\Titanium\mobilesdk\win32\5.0.0.GA\android\titanium.jar
[DEBUG]  Adding library C:\ProgramData\Titanium\mobilesdk\win32\5.0.0.GA\android\modules\titanium-app.jar
[DEBUG]  Adding library C:\ProgramData\Titanium\mobilesdk\win32\5.0.0.GA\android\modules\titanium-ui.jar
[DEBUG]  Adding dependency library C:\ProgramData\Titanium\mobilesdk\win32\5.0.0.GA\android\nineoldandroids-appc-2.4.0.jar
[DEBUG]  Adding library C:\ProgramData\Titanium\mobilesdk\win32\5.0.0.GA\android\modules\titanium-filesystem.jar
[DEBUG]  Adding library C:\ProgramData\Titanium\mobilesdk\win32\5.0.0.GA\android\modules\titanium-media.jar
[DEBUG]  Adding library C:\ProgramData\Titanium\mobilesdk\win32\5.0.0.GA\android\modules\titanium-appcompat.jar
[DEBUG]  Adding dependency library C:\ProgramData\Titanium\mobilesdk\win32\5.0.0.GA\android\android-support-v4.jar
[DEBUG]  Adding dependency library C:\ProgramData\Titanium\mobilesdk\win32\5.0.0.GA\android\android-support-v7-appcompat.jar
[DEBUG]  Adding library C:\ProgramData\Titanium\mobilesdk\win32\5.0.0.GA\android\modules\titanium-locale.jar
[DEBUG]  Adding library C:\ProgramData\Titanium\mobilesdk\win32\5.0.0.GA\android\modules\titanium-network.jar
[DEBUG]  Adding library C:\ProgramData\Titanium\mobilesdk\win32\5.0.0.GA\android\modules\titanium-xml.jar
[DEBUG]  Adding library C:\ProgramData\Titanium\mobilesdk\win32\5.0.0.GA\android\modules\titanium-platform.jar
[INFO]   Writing H:\Appcelerator Workspace\Code To Inspire\build\android\bin\assets\app.json
[INFO]   Extracting module resources: C:\ProgramData\Titanium\mobilesdk\win32\5.0.0.GA\android\modules\titanium-analytics.res.zip
[DEBUG]  Copying C:\Users\Aalem\AppData\Local\Temp\11746-248-t1kbmi\res\values\strings.xml => H:\Appcelerator Workspace\Code To Inspire\build\android\res\values\strings.xml
[INFO]   Extracting module resources: C:\ProgramData\Titanium\mobilesdk\win32\5.0.0.GA\android\modules\titanium-android.res.zip
[DEBUG]  Merging C:\Users\Aalem\AppData\Local\Temp\11746-248-eea5gy\res\values\strings.xml => H:\Appcelerator Workspace\Code To Inspire\build\android\res\values\strings.xml
[INFO]   Extracting module resources: C:\ProgramData\Titanium\mobilesdk\win32\5.0.0.GA\android\modules\titanium-app.res.zip
[DEBUG]  Merging C:\Users\Aalem\AppData\Local\Temp\11746-248-xxzamz\res\values\strings.xml => H:\Appcelerator Workspace\Code To Inspire\build\android\res\values\strings.xml
[INFO]   Extracting module resources: C:\ProgramData\Titanium\mobilesdk\win32\5.0.0.GA\android\modules\titanium-filesystem.res.zip
[DEBUG]  Merging C:\Users\Aalem\AppData\Local\Temp\11746-248-9rwk07\res\values\strings.xml => H:\Appcelerator Workspace\Code To Inspire\build\android\res\values\strings.xml
[INFO]   Extracting module resources: C:\ProgramData\Titanium\mobilesdk\win32\5.0.0.GA\android\modules\titanium-media.res.zip
[DEBUG]  Merging C:\Users\Aalem\AppData\Local\Temp\11746-248-91fba7\res\values\strings.xml => H:\Appcelerator Workspace\Code To Inspire\build\android\res\values\strings.xml
[INFO]   Extracting module resources: C:\ProgramData\Titanium\mobilesdk\win32\5.0.0.GA\android\modules\titanium-locale.res.zip
[DEBUG]  Merging C:\Users\Aalem\AppData\Local\Temp\11746-248-zvevrr\res\values\strings.xml => H:\Appcelerator Workspace\Code To Inspire\build\android\res\values\strings.xml
[INFO]   Extracting module resources: C:\ProgramData\Titanium\mobilesdk\win32\5.0.0.GA\android\modules\titanium-network.res.zip
[DEBUG]  Merging C:\Users\Aalem\AppData\Local\Temp\11746-248-12xpq1f\res\values\strings.xml => H:\Appcelerator Workspace\Code To Inspire\build\android\res\values\strings.xml
[INFO]   Extracting module resources: C:\ProgramData\Titanium\mobilesdk\win32\5.0.0.GA\android\modules\titanium-xml.res.zip
[DEBUG]  Merging C:\Users\Aalem\AppData\Local\Temp\11746-248-srga61\res\values\strings.xml => H:\Appcelerator Workspace\Code To Inspire\build\android\res\values\strings.xml
[INFO]   Extracting module resources: C:\ProgramData\Titanium\mobilesdk\win32\5.0.0.GA\android\modules\titanium-platform.res.zip
[DEBUG]  Merging C:\Users\Aalem\AppData\Local\Temp\11746-248-1s5mm4e\res\values\strings.xml => H:\Appcelerator Workspace\Code To Inspire\build\android\res\values\strings.xml
[DEBUG]  Removing old file: H:\Appcelerator Workspace\Code To Inspire\build\android\.classpath
[DEBUG]  Removing old file: H:\Appcelerator Workspace\Code To Inspire\build\android\.gitignore
[DEBUG]  Removing old file: H:\Appcelerator Workspace\Code To Inspire\build\android\.project
[DEBUG]  Removing old file: H:\Appcelerator Workspace\Code To Inspire\build\android\AndroidManifest.xml
[DEBUG]  Removing old file: H:\Appcelerator Workspace\Code To Inspire\build\android\default.properties
[DEBUG]  Removing old file: H:\Appcelerator Workspace\Code To Inspire\build\android\java-sources.txt
[DEBUG]  Copying template C:\ProgramData\Titanium\mobilesdk\win32\5.0.0.GA\android\templates\build\AppInfo.java => H:\Appcelerator Workspace\Code To Inspire\build\android\gen\com\cti\cti\CodeToInspireAppInfo.java
[DEBUG]  Copying template C:\ProgramData\Titanium\mobilesdk\win32\5.0.0.GA\android\templates\build\App.java => H:\Appcelerator Workspace\Code To Inspire\build\android\gen\com\cti\cti\CodeToInspireApplication.java
[DEBUG]  Copying template C:\ProgramData\Titanium\mobilesdk\win32\5.0.0.GA\android\templates\build\Activity.java => H:\Appcelerator Workspace\Code To Inspire\build\android\gen\com\cti\cti\CodeToInspireActivity.java
[DEBUG]  Copying template C:\ProgramData\Titanium\mobilesdk\win32\5.0.0.GA\android\templates\build\project => H:\Appcelerator Workspace\Code To Inspire\build\android\.project
[DEBUG]  Copying template C:\ProgramData\Titanium\mobilesdk\win32\5.0.0.GA\android\templates\build\default.properties => H:\Appcelerator Workspace\Code To Inspire\build\android\default.properties
[DEBUG]  Copying C:\ProgramData\Titanium\mobilesdk\win32\5.0.0.GA\android\templates\build\gitignore => H:\Appcelerator Workspace\Code To Inspire\build\android\.gitignore
[DEBUG]  Copying C:\ProgramData\Titanium\mobilesdk\win32\5.0.0.GA\android\templates\build\classpath => H:\Appcelerator Workspace\Code To Inspire\build\android\.classpath
[INFO]   No aidl files to compile, continuing
[INFO]   Generating i18n files
[DEBUG]  Merging en strings => H:\Appcelerator Workspace\Code To Inspire\build\android\res\values\strings.xml
[INFO]   Generating H:\Appcelerator Workspace\Code To Inspire\build\android\res\values\theme.xml
[INFO]   Packaging application: I:\AndroidStudio\SDK\build-tools\23.0.3\aapt.exe "package" "-f" "-m" "-J" "H:\Appcelerator Workspace\Code To Inspire\build\android\gen" "-M" "H:\Appcelerator Workspace\Code To Inspire\build\android\AndroidManifest.xml" "-A" "H:\Appcelerator Workspace\Code To Inspire\build\android\bin\assets" "-S" "H:\Appcelerator Workspace\Code To Inspire\build\android\res" "-I" "I:\AndroidStudio\SDK\platforms\android-23\android.jar" "-F" "H:\Appcelerator Workspace\Code To Inspire\build\android\bin\app.ap_" "--auto-add-overlay" "--extra-packages" "ti.modules.titanium.ui:android.support.v7.appcompat" "-S" "C:\Users\Aalem\AppData\Local\Temp\11746-248-3lxuqn/res" "-S" "C:\Users\Aalem\AppData\Local\Temp\11746-248-rbme6n/res"
[INFO]   Building Java source files: C:\Program Files\Java\jdk1.8.0_111\bin\javac.exe "-J-Xmx256M" "-encoding" "utf8" "-bootclasspath" "I:\AndroidStudio\SDK\platforms\android-23\android.jar;C:\ProgramData\Titanium\mobilesdk\win32\5.0.0.GA\android\kroll-v8.jar;C:\ProgramData\Titanium\mobilesdk\win32\5.0.0.GA\android\modules\titanium-analytics.jar;C:\ProgramData\Titanium\mobilesdk\win32\5.0.0.GA\android\aps-analytics.jar;C:\ProgramData\Titanium\mobilesdk\win32\5.0.0.GA\android\modules\titanium-android.jar;C:\ProgramData\Titanium\mobilesdk\win32\5.0.0.GA\android\jaxen-1.1.1.jar;C:\ProgramData\Titanium\mobilesdk\win32\5.0.0.GA\android\ti-commons-codec-1.3.jar;C:\ProgramData\Titanium\mobilesdk\win32\5.0.0.GA\android\kroll-common.jar;C:\ProgramData\Titanium\mobilesdk\win32\5.0.0.GA\android\titanium.jar;C:\ProgramData\Titanium\mobilesdk\win32\5.0.0.GA\android\modules\titanium-app.jar;C:\ProgramData\Titanium\mobilesdk\win32\5.0.0.GA\android\modules\titanium-ui.jar;C:\ProgramData\Titanium\mobilesdk\win32\5.0.0.GA\android\nineoldandroids-appc-2.4.0.jar;C:\ProgramData\Titanium\mobilesdk\win32\5.0.0.GA\android\modules\titanium-filesystem.jar;C:\ProgramData\Titanium\mobilesdk\win32\5.0.0.GA\android\modules\titanium-media.jar;C:\ProgramData\Titanium\mobilesdk\win32\5.0.0.GA\android\modules\titanium-appcompat.jar;C:\ProgramData\Titanium\mobilesdk\win32\5.0.0.GA\android\android-support-v4.jar;C:\ProgramData\Titanium\mobilesdk\win32\5.0.0.GA\android\android-support-v7-appcompat.jar;C:\ProgramData\Titanium\mobilesdk\win32\5.0.0.GA\android\modules\titanium-locale.jar;C:\ProgramData\Titanium\mobilesdk\win32\5.0.0.GA\android\modules\titanium-network.jar;C:\ProgramData\Titanium\mobilesdk\win32\5.0.0.GA\android\modules\titanium-xml.jar;C:\ProgramData\Titanium\mobilesdk\win32\5.0.0.GA\android\modules\titanium-platform.jar;C:\ProgramData\Titanium\mobilesdk\win32\5.0.0.GA\android\lib\titanium-verify.jar;R.class;AssetCryptImpl.class;CodeToInspireActivity.class;CodeToInspireAppInfo.class;CodeToInspireApplication.class" "-d" "H:\Appcelerator Workspace\Code To Inspire\build\android\bin\classes" "-proc:none" "-target" "1.6" "-source" "1.6" "@H:\Appcelerator Workspace\Code To Inspire\build\android\java-sources.txt"
[INFO]   Running dexer: C:\Program Files\Java\jdk1.8.0_111\bin\java.exe "-Xmx1024M" "-XX:-UseGCOverheadLimit" "-Djava.ext.dirs=I:\AndroidStudio\SDK\platform-tools" "-jar" "I:\AndroidStudio\SDK\build-tools\23.0.3\lib\dx.jar" "--dex" "--output=H:\Appcelerator Workspace\Code To Inspire\build\android\bin\classes.dex" "H:\Appcelerator Workspace\Code To Inspire\build\android\bin\classes" "C:\ProgramData\Titanium\mobilesdk\win32\5.0.0.GA\android\lib\titanium-verify.jar" "C:\ProgramData\Titanium\mobilesdk\win32\5.0.0.GA\android\kroll-v8.jar" "C:\ProgramData\Titanium\mobilesdk\win32\5.0.0.GA\android\modules\titanium-analytics.jar" "C:\ProgramData\Titanium\mobilesdk\win32\5.0.0.GA\android\aps-analytics.jar" "C:\ProgramData\Titanium\mobilesdk\win32\5.0.0.GA\android\modules\titanium-android.jar" "C:\ProgramData\Titanium\mobilesdk\win32\5.0.0.GA\android\jaxen-1.1.1.jar" "C:\ProgramData\Titanium\mobilesdk\win32\5.0.0.GA\android\ti-commons-codec-1.3.jar" "C:\ProgramData\Titanium\mobilesdk\win32\5.0.0.GA\android\kroll-common.jar" "C:\ProgramData\Titanium\mobilesdk\win32\5.0.0.GA\android\titanium.jar" "C:\ProgramData\Titanium\mobilesdk\win32\5.0.0.GA\android\modules\titanium-app.jar" "C:\ProgramData\Titanium\mobilesdk\win32\5.0.0.GA\android\modules\titanium-ui.jar" "C:\ProgramData\Titanium\mobilesdk\win32\5.0.0.GA\android\nineoldandroids-appc-2.4.0.jar" "C:\ProgramData\Titanium\mobilesdk\win32\5.0.0.GA\android\modules\titanium-filesystem.jar" "C:\ProgramData\Titanium\mobilesdk\win32\5.0.0.GA\android\modules\titanium-media.jar" "C:\ProgramData\Titanium\mobilesdk\win32\5.0.0.GA\android\modules\titanium-appcompat.jar" "C:\ProgramData\Titanium\mobilesdk\win32\5.0.0.GA\android\android-support-v4.jar" "C:\ProgramData\Titanium\mobilesdk\win32\5.0.0.GA\android\android-support-v7-appcompat.jar" "C:\ProgramData\Titanium\mobilesdk\win32\5.0.0.GA\android\modules\titanium-locale.jar" "C:\ProgramData\Titanium\mobilesdk\win32\5.0.0.GA\android\modules\titanium-network.jar" "C:\ProgramData\Titanium\mobilesdk\win32\5.0.0.GA\android\modules\titanium-xml.jar" "C:\ProgramData\Titanium\mobilesdk\win32\5.0.0.GA\android\modules\titanium-platform.jar"
[INFO]   Creating unsigned apk
[DEBUG]  Processing H:\Appcelerator Workspace\Code To Inspire\build\android\bin\app.ap_
[DEBUG]  Deflating AndroidManifest.xml
[DEBUG]  Adding assets/Resources/appicon.png
[DEBUG]  Adding assets/Resources/assets/images/tab1.png
[DEBUG]  Adding assets/Resources/assets/images/tab1@2x.png
[DEBUG]  Adding assets/Resources/assets/images/tab1@3x.png
[DEBUG]  Adding assets/Resources/assets/images/tab2.png
[DEBUG]  Adding assets/Resources/assets/images/tab2@2x.png
[DEBUG]  Adding assets/Resources/assets/images/tab2@3x.png
[DEBUG]  Adding assets/Resources/image/courseIcon.png
[DEBUG]  Adding assets/Resources/image/courses/Graphic1.png
[DEBUG]  Adding assets/Resources/image/courses/GraphicsCollage.png
[DEBUG]  Adding assets/Resources/image/courses/Mobile-Application-Development.png
[DEBUG]  Adding assets/Resources/image/courses/MobileApp_icon.png
[DEBUG]  Adding assets/Resources/image/courses/developer coding at desk.png
[DEBUG]  Adding assets/Resources/image/courses/game.png
[DEBUG]  Adding assets/Resources/image/courses/game_icon.png
[DEBUG]  Adding assets/Resources/image/courses/graphic_icon.png
[DEBUG]  Adding assets/Resources/image/courses/mobile app.png
[DEBUG]  Adding assets/Resources/image/courses/mobile-app.png
[DEBUG]  Adding assets/Resources/image/courses/web-design.png
[DEBUG]  Adding assets/Resources/image/courses/webDesign-icon.png
[DEBUG]  Adding assets/Resources/image/courses/website-design.png
[DEBUG]  Adding assets/Resources/image/homeIcon.png
[DEBUG]  Adding assets/Resources/image/home/GhzalleZaheer.png
[DEBUG]  Adding assets/Resources/image/home/MEET-Fereshteh-Forough.png
[DEBUG]  Adding assets/Resources/image/home/code.jpg
[DEBUG]  Adding assets/Resources/image/home/cti.png
[DEBUG]  Adding assets/Resources/image/home/lifeFunction.jpg
[DEBUG]  Adding assets/Resources/image/home/techAndEdu.jpg
[DEBUG]  Adding assets/Resources/image/home/web-application-development.png
[DEBUG]  Adding assets/Resources/image/home/white.jpg
[DEBUG]  Adding assets/Resources/image/team/AalemDaneshyar.png
[DEBUG]  Adding assets/Resources/image/team/AzitaAzimi.png
[DEBUG]  Adding assets/Resources/image/team/BenjaminDubow.png
[DEBUG]  Adding assets/Resources/image/team/BillOttman.png
[DEBUG]  Adding assets/Resources/image/team/EhsanEhrari.png
[DEBUG]  Adding assets/Resources/image/team/ElizabethMcCauley.png
[DEBUG]  Adding assets/Resources/image/team/EvannaHu.png
[DEBUG]  Adding assets/Resources/image/team/FereshtehForough.png
[DEBUG]  Adding assets/Resources/image/team/HasibRassa.png
[DEBUG]  Adding assets/Resources/image/team/HemantRamachandra.png
[DEBUG]  Adding assets/Resources/image/team/JanaLevene.png
[DEBUG]  Adding assets/Resources/image/team/JohnLilic.png
[DEBUG]  Adding assets/Resources/image/team/JuddBagley.png
[DEBUG]  Adding assets/Resources/image/team/MarkAgostino.png
[DEBUG]  Adding assets/Resources/image/team/NahidAhmadi.png
[DEBUG]  Adding assets/Resources/image/team/SamuelBrylski.png
[DEBUG]  Adding assets/Resources/image/team/ShaneBrauner.png
[DEBUG]  Adding assets/Resources/image/team/brain_collaboration.jpg
[DEBUG]  Adding assets/Resources/image/teamicon.png
[DEBUG]  Adding assets/Resources/images/appicon.png
[DEBUG]  Deflating assets/app.json
[DEBUG]  Deflating assets/index.json
[DEBUG]  Deflating res/anim/abc_fade_in.xml
[DEBUG]  Deflating res/anim/abc_fade_out.xml
[DEBUG]  Deflating res/anim/abc_grow_fade_in_from_bottom.xml
[DEBUG]  Deflating res/anim/abc_popup_enter.xml
[DEBUG]  Deflating res/anim/abc_popup_exit.xml
[DEBUG]  Deflating res/anim/abc_shrink_fade_out_from_bottom.xml
[DEBUG]  Deflating res/anim/abc_slide_in_bottom.xml
[DEBUG]  Deflating res/anim/abc_slide_in_top.xml
[DEBUG]  Deflating res/anim/abc_slide_out_bottom.xml
[DEBUG]  Deflating res/anim/abc_slide_out_top.xml
[DEBUG]  Deflating res/color-v11/abc_background_cache_hint_selector_material_dark.xml
[DEBUG]  Deflating res/color-v11/abc_background_cache_hint_selector_material_light.xml
[DEBUG]  Deflating res/color/abc_background_cache_hint_selector_material_dark.xml
[DEBUG]  Deflating res/color/abc_background_cache_hint_selector_material_light.xml
[DEBUG]  Deflating res/color/abc_primary_text_disable_only_material_dark.xml
[DEBUG]  Deflating res/color/abc_primary_text_disable_only_material_light.xml
[DEBUG]  Deflating res/color/abc_primary_text_material_dark.xml
[DEBUG]  Deflating res/color/abc_primary_text_material_light.xml
[DEBUG]  Deflating res/color/abc_search_url_text.xml
[DEBUG]  Deflating res/color/abc_secondary_text_material_dark.xml
[DEBUG]  Deflating res/color/abc_secondary_text_material_light.xml
[DEBUG]  Deflating res/color/switch_thumb_material_dark.xml
[DEBUG]  Deflating res/color/switch_thumb_material_light.xml
[DEBUG]  Adding res/drawable-hdpi-v4/aalemdaneshyar_5a2aa5d8c9.png
[DEBUG]  Adding res/drawable-hdpi-v4/abc_ab_share_pack_mtrl_alpha.9.png
[DEBUG]  Adding res/drawable-hdpi-v4/abc_btn_check_to_on_mtrl_000.png
[DEBUG]  Adding res/drawable-hdpi-v4/abc_btn_check_to_on_mtrl_015.png
[DEBUG]  Adding res/drawable-hdpi-v4/abc_btn_radio_to_on_mtrl_000.png
[DEBUG]  Adding res/drawable-hdpi-v4/abc_btn_radio_to_on_mtrl_015.png
[DEBUG]  Adding res/drawable-hdpi-v4/abc_btn_rating_star_off_mtrl_alpha.png
[DEBUG]  Adding res/drawable-hdpi-v4/abc_btn_rating_star_on_mtrl_alpha.png
[DEBUG]  Adding res/drawable-hdpi-v4/abc_btn_switch_to_on_mtrl_00001.9.png
[DEBUG]  Adding res/drawable-hdpi-v4/abc_btn_switch_to_on_mtrl_00012.9.png
[DEBUG]  Adding res/drawable-hdpi-v4/abc_cab_background_top_mtrl_alpha.9.png
[DEBUG]  Adding res/drawable-hdpi-v4/abc_ic_ab_back_mtrl_am_alpha.png
[DEBUG]  Adding res/drawable-hdpi-v4/abc_ic_clear_mtrl_alpha.png
[DEBUG]  Adding res/drawable-hdpi-v4/abc_ic_commit_search_api_mtrl_alpha.png
[DEBUG]  Adding res/drawable-hdpi-v4/abc_ic_go_search_api_mtrl_alpha.png
[DEBUG]  Adding res/drawable-hdpi-v4/abc_ic_menu_copy_mtrl_am_alpha.png
[DEBUG]  Adding res/drawable-hdpi-v4/abc_ic_menu_cut_mtrl_alpha.png
[DEBUG]  Adding res/drawable-hdpi-v4/abc_ic_menu_moreoverflow_mtrl_alpha.png
[DEBUG]  Adding res/drawable-hdpi-v4/abc_ic_menu_paste_mtrl_am_alpha.png
[DEBUG]  Adding res/drawable-hdpi-v4/abc_ic_menu_selectall_mtrl_alpha.png
[DEBUG]  Adding res/drawable-hdpi-v4/abc_ic_menu_share_mtrl_alpha.png
[DEBUG]  Adding res/drawable-hdpi-v4/abc_ic_search_api_mtrl_alpha.png
[DEBUG]  Adding res/drawable-hdpi-v4/abc_ic_voice_search_api_mtrl_alpha.png
[DEBUG]  Adding res/drawable-hdpi-v4/abc_list_divider_mtrl_alpha.9.png
[DEBUG]  Adding res/drawable-hdpi-v4/abc_list_focused_holo.9.png
[DEBUG]  Adding res/drawable-hdpi-v4/abc_list_longpressed_holo.9.png
[DEBUG]  Adding res/drawable-hdpi-v4/abc_list_pressed_holo_dark.9.png
[DEBUG]  Adding res/drawable-hdpi-v4/abc_list_pressed_holo_light.9.png
[DEBUG]  Adding res/drawable-hdpi-v4/abc_list_selector_disabled_holo_dark.9.png
[DEBUG]  Adding res/drawable-hdpi-v4/abc_list_selector_disabled_holo_light.9.png
[DEBUG]  Adding res/drawable-hdpi-v4/abc_menu_hardkey_panel_mtrl_mult.9.png
[DEBUG]  Adding res/drawable-hdpi-v4/abc_popup_background_mtrl_mult.9.png
[DEBUG]  Adding res/drawable-hdpi-v4/abc_spinner_mtrl_am_alpha.9.png
[DEBUG]  Adding res/drawable-hdpi-v4/abc_switch_track_mtrl_alpha.9.png
[DEBUG]  Adding res/drawable-hdpi-v4/abc_tab_indicator_mtrl_alpha.9.png
[DEBUG]  Adding res/drawable-hdpi-v4/abc_text_cursor_mtrl_alpha.9.png
[DEBUG]  Adding res/drawable-hdpi-v4/abc_textfield_activated_mtrl_alpha.9.png
[DEBUG]  Adding res/drawable-hdpi-v4/abc_textfield_default_mtrl_alpha.9.png
[DEBUG]  Adding res/drawable-hdpi-v4/abc_textfield_search_activated_mtrl_alpha.9.png
[DEBUG]  Adding res/drawable-hdpi-v4/abc_textfield_search_default_mtrl_alpha.9.png
[DEBUG]  Adding res/drawable-hdpi-v4/appicon.png
[DEBUG]  Adding res/drawable-hdpi-v4/azitaazimi_2d58e7e2ff.png
[DEBUG]  Adding res/drawable-hdpi-v4/background.9.png
[DEBUG]  Adding res/drawable-hdpi-v4/benjamindubow_a612101702.png
[DEBUG]  Adding res/drawable-hdpi-v4/billottman_97c48ea517.png
[DEBUG]  Adding res/drawable-hdpi-v4/ehsanehrari_2dc03fd53c.png
[DEBUG]  Adding res/drawable-hdpi-v4/elizabethmccauley_26bde9f4dc.png
[DEBUG]  Adding res/drawable-hdpi-v4/evannahu_311898acec.png
[DEBUG]  Adding res/drawable-hdpi-v4/freshtafrough_bb9199a52f.png
[DEBUG]  Adding res/drawable-hdpi-v4/hasibrassa_3cdbacdf29.png
[DEBUG]  Adding res/drawable-hdpi-v4/hemantramachandra_def8956bec.png
[DEBUG]  Adding res/drawable-hdpi-v4/janalevene_18d69d4f37.png
[DEBUG]  Adding res/drawable-hdpi-v4/johnlilic_18f52c6eda.png
[DEBUG]  Adding res/drawable-hdpi-v4/juddbagley_aba91c5c4d.png
[DEBUG]  Adding res/drawable-hdpi-v4/markagostino_a916e9e4dc.png
[DEBUG]  Adding res/drawable-hdpi-v4/nahidahmadi_49408f91d4.png
[DEBUG]  Adding res/drawable-hdpi-v4/samuelbrylski_4feff572d1.png
[DEBUG]  Adding res/drawable-hdpi-v4/shanebrauner_443a33e9da.png
[DEBUG]  Adding res/drawable-ldrtl-hdpi-v4/abc_ic_ab_back_mtrl_am_alpha.png
[DEBUG]  Adding res/drawable-ldrtl-hdpi-v4/abc_ic_menu_copy_mtrl_am_alpha.png
[DEBUG]  Adding res/drawable-ldrtl-hdpi-v4/abc_ic_menu_cut_mtrl_alpha.png
[DEBUG]  Adding res/drawable-ldrtl-hdpi-v4/abc_spinner_mtrl_am_alpha.9.png
[DEBUG]  Adding res/drawable-ldrtl-mdpi-v4/abc_ic_ab_back_mtrl_am_alpha.png
[DEBUG]  Adding res/drawable-ldrtl-mdpi-v4/abc_ic_menu_copy_mtrl_am_alpha.png
[DEBUG]  Adding res/drawable-ldrtl-mdpi-v4/abc_ic_menu_cut_mtrl_alpha.png
[DEBUG]  Adding res/drawable-ldrtl-mdpi-v4/abc_spinner_mtrl_am_alpha.9.png
[DEBUG]  Adding res/drawable-ldrtl-xhdpi-v4/abc_ic_ab_back_mtrl_am_alpha.png
[DEBUG]  Adding res/drawable-ldrtl-xhdpi-v4/abc_ic_menu_copy_mtrl_am_alpha.png
[DEBUG]  Adding res/drawable-ldrtl-xhdpi-v4/abc_ic_menu_cut_mtrl_alpha.png
[DEBUG]  Adding res/drawable-ldrtl-xhdpi-v4/abc_spinner_mtrl_am_alpha.9.png
[DEBUG]  Adding res/drawable-ldrtl-xxhdpi-v4/abc_ic_ab_back_mtrl_am_alpha.png
[DEBUG]  Adding res/drawable-ldrtl-xxhdpi-v4/abc_ic_menu_copy_mtrl_am_alpha.png
[DEBUG]  Adding res/drawable-ldrtl-xxhdpi-v4/abc_ic_menu_cut_mtrl_alpha.png
[DEBUG]  Adding res/drawable-ldrtl-xxhdpi-v4/abc_spinner_mtrl_am_alpha.9.png
[DEBUG]  Adding res/drawable-ldrtl-xxxhdpi-v4/abc_ic_ab_back_mtrl_am_alpha.png
[DEBUG]  Adding res/drawable-ldrtl-xxxhdpi-v4/abc_ic_menu_copy_mtrl_am_alpha.png
[DEBUG]  Adding res/drawable-ldrtl-xxxhdpi-v4/abc_ic_menu_cut_mtrl_alpha.png
[DEBUG]  Adding res/drawable-ldrtl-xxxhdpi-v4/abc_spinner_mtrl_am_alpha.9.png
[DEBUG]  Adding res/drawable-mdpi-v4/aalemdaneshyar_5a2aa5d8c9.png
[DEBUG]  Adding res/drawable-mdpi-v4/abc_ab_share_pack_mtrl_alpha.9.png
[DEBUG]  Adding res/drawable-mdpi-v4/abc_btn_check_to_on_mtrl_000.png
[DEBUG]  Adding res/drawable-mdpi-v4/abc_btn_check_to_on_mtrl_015.png
[DEBUG]  Adding res/drawable-mdpi-v4/abc_btn_radio_to_on_mtrl_000.png
[DEBUG]  Adding res/drawable-mdpi-v4/abc_btn_radio_to_on_mtrl_015.png
[DEBUG]  Adding res/drawable-mdpi-v4/abc_btn_rating_star_off_mtrl_alpha.png
[DEBUG]  Adding res/drawable-mdpi-v4/abc_btn_rating_star_on_mtrl_alpha.png
[DEBUG]  Adding res/drawable-mdpi-v4/abc_btn_switch_to_on_mtrl_00001.9.png
[DEBUG]  Adding res/drawable-mdpi-v4/abc_btn_switch_to_on_mtrl_00012.9.png
[DEBUG]  Adding res/drawable-mdpi-v4/abc_cab_background_top_mtrl_alpha.9.png
[DEBUG]  Adding res/drawable-mdpi-v4/abc_ic_ab_back_mtrl_am_alpha.png
[DEBUG]  Adding res/drawable-mdpi-v4/abc_ic_clear_mtrl_alpha.png
[DEBUG]  Adding res/drawable-mdpi-v4/abc_ic_commit_search_api_mtrl_alpha.png
[DEBUG]  Adding res/drawable-mdpi-v4/abc_ic_go_search_api_mtrl_alpha.png
[DEBUG]  Adding res/drawable-mdpi-v4/abc_ic_menu_copy_mtrl_am_alpha.png
[DEBUG]  Adding res/drawable-mdpi-v4/abc_ic_menu_cut_mtrl_alpha.png
[DEBUG]  Adding res/drawable-mdpi-v4/abc_ic_menu_moreoverflow_mtrl_alpha.png
[DEBUG]  Adding res/drawable-mdpi-v4/abc_ic_menu_paste_mtrl_am_alpha.png
[DEBUG]  Adding res/drawable-mdpi-v4/abc_ic_menu_selectall_mtrl_alpha.png
[DEBUG]  Adding res/drawable-mdpi-v4/abc_ic_menu_share_mtrl_alpha.png
[DEBUG]  Adding res/drawable-mdpi-v4/abc_ic_search_api_mtrl_alpha.png
[DEBUG]  Adding res/drawable-mdpi-v4/abc_ic_voice_search_api_mtrl_alpha.png
[DEBUG]  Adding res/drawable-mdpi-v4/abc_list_divider_mtrl_alpha.9.png
[DEBUG]  Adding res/drawable-mdpi-v4/abc_list_focused_holo.9.png
[DEBUG]  Adding res/drawable-mdpi-v4/abc_list_longpressed_holo.9.png
[DEBUG]  Adding res/drawable-mdpi-v4/abc_list_pressed_holo_dark.9.png
[DEBUG]  Adding res/drawable-mdpi-v4/abc_list_pressed_holo_light.9.png
[DEBUG]  Adding res/drawable-mdpi-v4/abc_list_selector_disabled_holo_dark.9.png
[DEBUG]  Adding res/drawable-mdpi-v4/abc_list_selector_disabled_holo_light.9.png
[DEBUG]  Adding res/drawable-mdpi-v4/abc_menu_hardkey_panel_mtrl_mult.9.png
[DEBUG]  Adding res/drawable-mdpi-v4/abc_popup_background_mtrl_mult.9.png
[DEBUG]  Adding res/drawable-mdpi-v4/abc_spinner_mtrl_am_alpha.9.png
[DEBUG]  Adding res/drawable-mdpi-v4/abc_switch_track_mtrl_alpha.9.png
[DEBUG]  Adding res/drawable-mdpi-v4/abc_tab_indicator_mtrl_alpha.9.png
[DEBUG]  Adding res/drawable-mdpi-v4/abc_text_cursor_mtrl_alpha.9.png
[DEBUG]  Adding res/drawable-mdpi-v4/abc_textfield_activated_mtrl_alpha.9.png
[DEBUG]  Adding res/drawable-mdpi-v4/abc_textfield_default_mtrl_alpha.9.png
[DEBUG]  Adding res/drawable-mdpi-v4/abc_textfield_search_activated_mtrl_alpha.9.png
[DEBUG]  Adding res/drawable-mdpi-v4/abc_textfield_search_default_mtrl_alpha.9.png
[DEBUG]  Adding res/drawable-mdpi-v4/appicon.png
[DEBUG]  Adding res/drawable-mdpi-v4/azitaazimi_2d58e7e2ff.png
[DEBUG]  Adding res/drawable-mdpi-v4/background.9.png
[DEBUG]  Adding res/drawable-mdpi-v4/benjamindubow_a612101702.png
[DEBUG]  Adding res/drawable-mdpi-v4/billottman_97c48ea517.png
[DEBUG]  Adding res/drawable-mdpi-v4/ehsanehrari_2dc03fd53c.png
[DEBUG]  Adding res/drawable-mdpi-v4/elizabethmccauley_26bde9f4dc.png
[DEBUG]  Adding res/drawable-mdpi-v4/evannahu_311898acec.png
[DEBUG]  Adding res/drawable-mdpi-v4/freshtafrough_bb9199a52f.png
[DEBUG]  Adding res/drawable-mdpi-v4/hasibrassa_3cdbacdf29.png
[DEBUG]  Adding res/drawable-mdpi-v4/hemantramachandra_def8956bec.png
[DEBUG]  Adding res/drawable-mdpi-v4/janalevene_18d69d4f37.png
[DEBUG]  Adding res/drawable-mdpi-v4/johnlilic_18f52c6eda.png
[DEBUG]  Adding res/drawable-mdpi-v4/juddbagley_aba91c5c4d.png
[DEBUG]  Adding res/drawable-mdpi-v4/markagostino_a916e9e4dc.png
[DEBUG]  Adding res/drawable-mdpi-v4/nahidahmadi_49408f91d4.png
[DEBUG]  Adding res/drawable-mdpi-v4/samuelbrylski_4feff572d1.png
[DEBUG]  Adding res/drawable-mdpi-v4/shanebrauner_443a33e9da.png
[DEBUG]  Adding res/drawable-tvdpi-v4/abc_btn_switch_to_on_mtrl_00001.9.png
[DEBUG]  Adding res/drawable-tvdpi-v4/abc_btn_switch_to_on_mtrl_00012.9.png
[DEBUG]  Adding res/drawable-xhdpi-v4/aalemdaneshyar_5a2aa5d8c9.png
[DEBUG]  Adding res/drawable-xhdpi-v4/abc_ab_share_pack_mtrl_alpha.9.png
[DEBUG]  Adding res/drawable-xhdpi-v4/abc_btn_check_to_on_mtrl_000.png
[DEBUG]  Adding res/drawable-xhdpi-v4/abc_btn_check_to_on_mtrl_015.png
[DEBUG]  Adding res/drawable-xhdpi-v4/abc_btn_radio_to_on_mtrl_000.png
[DEBUG]  Adding res/drawable-xhdpi-v4/abc_btn_radio_to_on_mtrl_015.png
[DEBUG]  Adding res/drawable-xhdpi-v4/abc_btn_rating_star_off_mtrl_alpha.png
[DEBUG]  Adding res/drawable-xhdpi-v4/abc_btn_rating_star_on_mtrl_alpha.png
[DEBUG]  Adding res/drawable-xhdpi-v4/abc_btn_switch_to_on_mtrl_00001.9.png
[DEBUG]  Adding res/drawable-xhdpi-v4/abc_btn_switch_to_on_mtrl_00012.9.png
[DEBUG]  Adding res/drawable-xhdpi-v4/abc_cab_background_top_mtrl_alpha.9.png
[DEBUG]  Adding res/drawable-xhdpi-v4/abc_ic_ab_back_mtrl_am_alpha.png
[DEBUG]  Adding res/drawable-xhdpi-v4/abc_ic_clear_mtrl_alpha.png
[DEBUG]  Adding res/drawable-xhdpi-v4/abc_ic_commit_search_api_mtrl_alpha.png
[DEBUG]  Adding res/drawable-xhdpi-v4/abc_ic_go_search_api_mtrl_alpha.png
[DEBUG]  Adding res/drawable-xhdpi-v4/abc_ic_menu_copy_mtrl_am_alpha.png
[DEBUG]  Adding res/drawable-xhdpi-v4/abc_ic_menu_cut_mtrl_alpha.png
[DEBUG]  Adding res/drawable-xhdpi-v4/abc_ic_menu_moreoverflow_mtrl_alpha.png
[DEBUG]  Adding res/drawable-xhdpi-v4/abc_ic_menu_paste_mtrl_am_alpha.png
[DEBUG]  Adding res/drawable-xhdpi-v4/abc_ic_menu_selectall_mtrl_alpha.png
[DEBUG]  Adding res/drawable-xhdpi-v4/abc_ic_menu_share_mtrl_alpha.png
[DEBUG]  Adding res/drawable-xhdpi-v4/abc_ic_search_api_mtrl_alpha.png
[DEBUG]  Adding res/drawable-xhdpi-v4/abc_ic_voice_search_api_mtrl_alpha.png
[DEBUG]  Adding res/drawable-xhdpi-v4/abc_list_divider_mtrl_alpha.9.png
[DEBUG]  Adding res/drawable-xhdpi-v4/abc_list_focused_holo.9.png
[DEBUG]  Adding res/drawable-xhdpi-v4/abc_list_longpressed_holo.9.png
[DEBUG]  Adding res/drawable-xhdpi-v4/abc_list_pressed_holo_dark.9.png
[DEBUG]  Adding res/drawable-xhdpi-v4/abc_list_pressed_holo_light.9.png
[DEBUG]  Adding res/drawable-xhdpi-v4/abc_list_selector_disabled_holo_dark.9.png
[DEBUG]  Adding res/drawable-xhdpi-v4/abc_list_selector_disabled_holo_light.9.png
[DEBUG]  Adding res/drawable-xhdpi-v4/abc_menu_hardkey_panel_mtrl_mult.9.png
[DEBUG]  Adding res/drawable-xhdpi-v4/abc_popup_background_mtrl_mult.9.png
[DEBUG]  Adding res/drawable-xhdpi-v4/abc_spinner_mtrl_am_alpha.9.png
[DEBUG]  Adding res/drawable-xhdpi-v4/abc_switch_track_mtrl_alpha.9.png
[DEBUG]  Adding res/drawable-xhdpi-v4/abc_tab_indicator_mtrl_alpha.9.png
[DEBUG]  Adding res/drawable-xhdpi-v4/abc_text_cursor_mtrl_alpha.9.png
[DEBUG]  Adding res/drawable-xhdpi-v4/abc_textfield_activated_mtrl_alpha.9.png
[DEBUG]  Adding res/drawable-xhdpi-v4/abc_textfield_default_mtrl_alpha.9.png
[DEBUG]  Adding res/drawable-xhdpi-v4/abc_textfield_search_activated_mtrl_alpha.9.png
[DEBUG]  Adding res/drawable-xhdpi-v4/abc_textfield_search_default_mtrl_alpha.9.png
[DEBUG]  Adding res/drawable-xhdpi-v4/appicon.png
[DEBUG]  Adding res/drawable-xhdpi-v4/azitaazimi_2d58e7e2ff.png
[DEBUG]  Adding res/drawable-xhdpi-v4/background.9.png
[DEBUG]  Adding res/drawable-xhdpi-v4/benjamindubow_a612101702.png
[DEBUG]  Adding res/drawable-xhdpi-v4/billottman_97c48ea517.png
[DEBUG]  Adding res/drawable-xhdpi-v4/ehsanehrari_2dc03fd53c.png
[DEBUG]  Adding res/drawable-xhdpi-v4/elizabethmccauley_26bde9f4dc.png
[DEBUG]  Adding res/drawable-xhdpi-v4/evannahu_311898acec.png
[DEBUG]  Adding res/drawable-xhdpi-v4/freshtafrough_bb9199a52f.png
[DEBUG]  Adding res/drawable-xhdpi-v4/hasibrassa_3cdbacdf29.png
[DEBUG]  Adding res/drawable-xhdpi-v4/hemantramachandra_def8956bec.png
[DEBUG]  Adding res/drawable-xhdpi-v4/janalevene_18d69d4f37.png
[DEBUG]  Adding res/drawable-xhdpi-v4/johnlilic_18f52c6eda.png
[DEBUG]  Adding res/drawable-xhdpi-v4/juddbagley_aba91c5c4d.png
[DEBUG]  Adding res/drawable-xhdpi-v4/markagostino_a916e9e4dc.png
[DEBUG]  Adding res/drawable-xhdpi-v4/nahidahmadi_49408f91d4.png
[DEBUG]  Adding res/drawable-xhdpi-v4/samuelbrylski_4feff572d1.png
[DEBUG]  Adding res/drawable-xhdpi-v4/shanebrauner_443a33e9da.png
[DEBUG]  Adding res/drawable-xxhdpi-v4/aalemdaneshyar_5a2aa5d8c9.png
[DEBUG]  Adding res/drawable-xxhdpi-v4/abc_ab_share_pack_mtrl_alpha.9.png
[DEBUG]  Adding res/drawable-xxhdpi-v4/abc_btn_check_to_on_mtrl_000.png
[DEBUG]  Adding res/drawable-xxhdpi-v4/abc_btn_check_to_on_mtrl_015.png
[DEBUG]  Adding res/drawable-xxhdpi-v4/abc_btn_radio_to_on_mtrl_000.png
[DEBUG]  Adding res/drawable-xxhdpi-v4/abc_btn_radio_to_on_mtrl_015.png
[DEBUG]  Adding res/drawable-xxhdpi-v4/abc_btn_rating_star_off_mtrl_alpha.png
[DEBUG]  Adding res/drawable-xxhdpi-v4/abc_btn_rating_star_on_mtrl_alpha.png
[DEBUG]  Adding res/drawable-xxhdpi-v4/abc_btn_switch_to_on_mtrl_00001.9.png
[DEBUG]  Adding res/drawable-xxhdpi-v4/abc_btn_switch_to_on_mtrl_00012.9.png
[DEBUG]  Adding res/drawable-xxhdpi-v4/abc_cab_background_top_mtrl_alpha.9.png
[DEBUG]  Adding res/drawable-xxhdpi-v4/abc_ic_ab_back_mtrl_am_alpha.png
[DEBUG]  Adding res/drawable-xxhdpi-v4/abc_ic_clear_mtrl_alpha.png
[DEBUG]  Adding res/drawable-xxhdpi-v4/abc_ic_commit_search_api_mtrl_alpha.png
[DEBUG]  Adding res/drawable-xxhdpi-v4/abc_ic_go_search_api_mtrl_alpha.png
[DEBUG]  Adding res/drawable-xxhdpi-v4/abc_ic_menu_copy_mtrl_am_alpha.png
[DEBUG]  Adding res/drawable-xxhdpi-v4/abc_ic_menu_cut_mtrl_alpha.png
[DEBUG]  Adding res/drawable-xxhdpi-v4/abc_ic_menu_moreoverflow_mtrl_alpha.png
[DEBUG]  Adding res/drawable-xxhdpi-v4/abc_ic_menu_paste_mtrl_am_alpha.png
[DEBUG]  Adding res/drawable-xxhdpi-v4/abc_ic_menu_selectall_mtrl_alpha.png
[DEBUG]  Adding res/drawable-xxhdpi-v4/abc_ic_menu_share_mtrl_alpha.png
[DEBUG]  Adding res/drawable-xxhdpi-v4/abc_ic_search_api_mtrl_alpha.png
[DEBUG]  Adding res/drawable-xxhdpi-v4/abc_ic_voice_search_api_mtrl_alpha.png
[DEBUG]  Adding res/drawable-xxhdpi-v4/abc_list_divider_mtrl_alpha.9.png
[DEBUG]  Adding res/drawable-xxhdpi-v4/abc_list_focused_holo.9.png
[DEBUG]  Adding res/drawable-xxhdpi-v4/abc_list_longpressed_holo.9.png
[DEBUG]  Adding res/drawable-xxhdpi-v4/abc_list_pressed_holo_dark.9.png
[DEBUG]  Adding res/drawable-xxhdpi-v4/abc_list_pressed_holo_light.9.png
[DEBUG]  Adding res/drawable-xxhdpi-v4/abc_list_selector_disabled_holo_dark.9.png
[DEBUG]  Adding res/drawable-xxhdpi-v4/abc_list_selector_disabled_holo_light.9.png
[DEBUG]  Adding res/drawable-xxhdpi-v4/abc_menu_hardkey_panel_mtrl_mult.9.png
[DEBUG]  Adding res/drawable-xxhdpi-v4/abc_popup_background_mtrl_mult.9.png
[DEBUG]  Adding res/drawable-xxhdpi-v4/abc_spinner_mtrl_am_alpha.9.png
[DEBUG]  Adding res/drawable-xxhdpi-v4/abc_switch_track_mtrl_alpha.9.png
[DEBUG]  Adding res/drawable-xxhdpi-v4/abc_tab_indicator_mtrl_alpha.9.png
[DEBUG]  Adding res/drawable-xxhdpi-v4/abc_text_cursor_mtrl_alpha.9.png
[DEBUG]  Adding res/drawable-xxhdpi-v4/abc_textfield_activated_mtrl_alpha.9.png
[DEBUG]  Adding res/drawable-xxhdpi-v4/abc_textfield_default_mtrl_alpha.9.png
[DEBUG]  Adding res/drawable-xxhdpi-v4/abc_textfield_search_activated_mtrl_alpha.9.png
[DEBUG]  Adding res/drawable-xxhdpi-v4/abc_textfield_search_default_mtrl_alpha.9.png
[DEBUG]  Adding res/drawable-xxhdpi-v4/appicon.png
[DEBUG]  Adding res/drawable-xxhdpi-v4/azitaazimi_2d58e7e2ff.png
[DEBUG]  Adding res/drawable-xxhdpi-v4/background.9.png
[DEBUG]  Adding res/drawable-xxhdpi-v4/benjamindubow_a612101702.png
[DEBUG]  Adding res/drawable-xxhdpi-v4/billottman_97c48ea517.png
[DEBUG]  Adding res/drawable-xxhdpi-v4/ehsanehrari_2dc03fd53c.png
[DEBUG]  Adding res/drawable-xxhdpi-v4/elizabethmccauley_26bde9f4dc.png
[DEBUG]  Adding res/drawable-xxhdpi-v4/evannahu_311898acec.png
[DEBUG]  Adding res/drawable-xxhdpi-v4/freshtafrough_bb9199a52f.png
[DEBUG]  Adding res/drawable-xxhdpi-v4/hasibrassa_3cdbacdf29.png
[DEBUG]  Adding res/drawable-xxhdpi-v4/hemantramachandra_def8956bec.png
[DEBUG]  Adding res/drawable-xxhdpi-v4/janalevene_18d69d4f37.png
[DEBUG]  Adding res/drawable-xxhdpi-v4/johnlilic_18f52c6eda.png
[DEBUG]  Adding res/drawable-xxhdpi-v4/juddbagley_aba91c5c4d.png
[DEBUG]  Adding res/drawable-xxhdpi-v4/markagostino_a916e9e4dc.png
[DEBUG]  Adding res/drawable-xxhdpi-v4/nahidahmadi_49408f91d4.png
[DEBUG]  Adding res/drawable-xxhdpi-v4/samuelbrylski_4feff572d1.png
[DEBUG]  Adding res/drawable-xxhdpi-v4/shanebrauner_443a33e9da.png
[DEBUG]  Adding res/drawable-xxxhdpi-v4/aalemdaneshyar_5a2aa5d8c9.png
[DEBUG]  Adding res/drawable-xxxhdpi-v4/abc_btn_check_to_on_mtrl_000.png
[DEBUG]  Adding res/drawable-xxxhdpi-v4/abc_btn_check_to_on_mtrl_015.png
[DEBUG]  Adding res/drawable-xxxhdpi-v4/abc_btn_radio_to_on_mtrl_000.png
[DEBUG]  Adding res/drawable-xxxhdpi-v4/abc_btn_radio_to_on_mtrl_015.png
[DEBUG]  Adding res/drawable-xxxhdpi-v4/abc_btn_switch_to_on_mtrl_00001.9.png
[DEBUG]  Adding res/drawable-xxxhdpi-v4/abc_btn_switch_to_on_mtrl_00012.9.png
[DEBUG]  Adding res/drawable-xxxhdpi-v4/abc_ic_ab_back_mtrl_am_alpha.png
[DEBUG]  Adding res/drawable-xxxhdpi-v4/abc_ic_clear_mtrl_alpha.png
[DEBUG]  Adding res/drawable-xxxhdpi-v4/abc_ic_menu_copy_mtrl_am_alpha.png
[DEBUG]  Adding res/drawable-xxxhdpi-v4/abc_ic_menu_cut_mtrl_alpha.png
[DEBUG]  Adding res/drawable-xxxhdpi-v4/abc_ic_menu_moreoverflow_mtrl_alpha.png
[DEBUG]  Adding res/drawable-xxxhdpi-v4/abc_ic_menu_paste_mtrl_am_alpha.png
[DEBUG]  Adding res/drawable-xxxhdpi-v4/abc_ic_menu_selectall_mtrl_alpha.png
[DEBUG]  Adding res/drawable-xxxhdpi-v4/abc_ic_menu_share_mtrl_alpha.png
[DEBUG]  Adding res/drawable-xxxhdpi-v4/abc_ic_search_api_mtrl_alpha.png
[DEBUG]  Adding res/drawable-xxxhdpi-v4/abc_ic_voice_search_api_mtrl_alpha.png
[DEBUG]  Adding res/drawable-xxxhdpi-v4/abc_spinner_mtrl_am_alpha.9.png
[DEBUG]  Adding res/drawable-xxxhdpi-v4/abc_switch_track_mtrl_alpha.9.png
[DEBUG]  Adding res/drawable-xxxhdpi-v4/abc_tab_indicator_mtrl_alpha.9.png
[DEBUG]  Adding res/drawable-xxxhdpi-v4/appicon.png
[DEBUG]  Adding res/drawable-xxxhdpi-v4/azitaazimi_2d58e7e2ff.png
[DEBUG]  Adding res/drawable-xxxhdpi-v4/background.9.png
[DEBUG]  Adding res/drawable-xxxhdpi-v4/benjamindubow_a612101702.png
[DEBUG]  Adding res/drawable-xxxhdpi-v4/billottman_97c48ea517.png
[DEBUG]  Adding res/drawable-xxxhdpi-v4/ehsanehrari_2dc03fd53c.png
[DEBUG]  Adding res/drawable-xxxhdpi-v4/elizabethmccauley_26bde9f4dc.png
[DEBUG]  Adding res/drawable-xxxhdpi-v4/evannahu_311898acec.png
[DEBUG]  Adding res/drawable-xxxhdpi-v4/fereshtehforough_c69b95b01e.png
[DEBUG]  Adding res/drawable-xxxhdpi-v4/hasibrassa_3cdbacdf29.png
[DEBUG]  Adding res/drawable-xxxhdpi-v4/hemantramachandra_def8956bec.png
[DEBUG]  Adding res/drawable-xxxhdpi-v4/janalevene_18d69d4f37.png
[DEBUG]  Adding res/drawable-xxxhdpi-v4/johnlilic_18f52c6eda.png
[DEBUG]  Adding res/drawable-xxxhdpi-v4/juddbagley_aba91c5c4d.png
[DEBUG]  Adding res/drawable-xxxhdpi-v4/markagostino_a916e9e4dc.png
[DEBUG]  Adding res/drawable-xxxhdpi-v4/nahidahmadi_49408f91d4.png
[DEBUG]  Adding res/drawable-xxxhdpi-v4/samuelbrylski_4feff572d1.png
[DEBUG]  Adding res/drawable-xxxhdpi-v4/shanebrauner_443a33e9da.png
[DEBUG]  Deflating res/drawable/abc_btn_borderless_material.xml
[DEBUG]  Deflating res/drawable/abc_btn_check_material.xml
[DEBUG]  Deflating res/drawable/abc_btn_default_mtrl_shape.xml
[DEBUG]  Deflating res/drawable/abc_btn_radio_material.xml
[DEBUG]  Deflating res/drawable/abc_cab_background_internal_bg.xml
[DEBUG]  Deflating res/drawable/abc_cab_background_top_material.xml
[DEBUG]  Deflating res/drawable/abc_dialog_material_background_dark.xml
[DEBUG]  Deflating res/drawable/abc_dialog_material_background_light.xml
[DEBUG]  Deflating res/drawable/abc_edit_text_material.xml
[DEBUG]  Deflating res/drawable/abc_item_background_holo_dark.xml
[DEBUG]  Deflating res/drawable/abc_item_background_holo_light.xml
[DEBUG]  Deflating res/drawable/abc_list_selector_background_transition_holo_dark.xml
[DEBUG]  Deflating res/drawable/abc_list_selector_background_transition_holo_light.xml
[DEBUG]  Deflating res/drawable/abc_list_selector_holo_dark.xml
[DEBUG]  Deflating res/drawable/abc_list_selector_holo_light.xml
[DEBUG]  Deflating res/drawable/abc_ratingbar_full_material.xml
[DEBUG]  Deflating res/drawable/abc_spinner_textfield_background_material.xml
[DEBUG]  Deflating res/drawable/abc_switch_thumb_material.xml
[DEBUG]  Deflating res/drawable/abc_tab_indicator_material.xml
[DEBUG]  Deflating res/drawable/abc_textfield_search_material.xml
[DEBUG]  Adding res/drawable/appicon.png
[DEBUG]  Adding res/drawable/background.png
[DEBUG]  Adding res/drawable/btn_check_buttonless_on_64.png
[DEBUG]  Adding res/drawable/btn_more_64.png
[DEBUG]  Adding res/drawable/disclosure_64.png
[DEBUG]  Deflating res/layout-v11/abc_screen_content_include.xml
[DEBUG]  Deflating res/layout-v17/abc_alert_dialog_material.xml
[DEBUG]  Deflating res/layout-v17/abc_dialog_title_material.xml
[DEBUG]  Deflating res/layout-v17/abc_search_view.xml
[DEBUG]  Deflating res/layout-v21/abc_screen_toolbar.xml
[DEBUG]  Deflating res/layout-v21/titanium_ui_date_picker_spinner.xml
[DEBUG]  Deflating res/layout-v21/titanium_ui_time_picker_spinner.xml
[DEBUG]  Deflating res/layout/abc_action_bar_title_item.xml
[DEBUG]  Deflating res/layout/abc_action_bar_up_container.xml
[DEBUG]  Deflating res/layout/abc_action_bar_view_list_nav_layout.xml
[DEBUG]  Deflating res/layout/abc_action_menu_item_layout.xml
[DEBUG]  Deflating res/layout/abc_action_menu_layout.xml
[DEBUG]  Deflating res/layout/abc_action_mode_bar.xml
[DEBUG]  Deflating res/layout/abc_action_mode_close_item_material.xml
[DEBUG]  Deflating res/layout/abc_activity_chooser_view.xml
[DEBUG]  Deflating res/layout/abc_activity_chooser_view_list_item.xml
[DEBUG]  Deflating res/layout/abc_alert_dialog_material.xml
[DEBUG]  Deflating res/layout/abc_dialog_title_material.xml
[DEBUG]  Deflating res/layout/abc_expanded_menu_layout.xml
[DEBUG]  Deflating res/layout/abc_list_menu_item_checkbox.xml
[DEBUG]  Deflating res/layout/abc_list_menu_item_icon.xml
[DEBUG]  Deflating res/layout/abc_list_menu_item_layout.xml
[DEBUG]  Deflating res/layout/abc_list_menu_item_radio.xml
[DEBUG]  Deflating res/layout/abc_popup_menu_item_layout.xml
[DEBUG]  Deflating res/layout/abc_screen_content_include.xml
[DEBUG]  Deflating res/layout/abc_screen_simple.xml
[DEBUG]  Deflating res/layout/abc_screen_simple_overlay_action_mode.xml
[DEBUG]  Deflating res/layout/abc_screen_toolbar.xml
[DEBUG]  Deflating res/layout/abc_search_dropdown_item_icons_2line.xml
[DEBUG]  Deflating res/layout/abc_search_view.xml
[DEBUG]  Deflating res/layout/abc_select_dialog_material.xml
[DEBUG]  Deflating res/layout/abc_simple_dropdown_hint.xml
[DEBUG]  Deflating res/layout/select_dialog_item_material.xml
[DEBUG]  Deflating res/layout/select_dialog_multichoice_material.xml
[DEBUG]  Deflating res/layout/select_dialog_singlechoice_material.xml
[DEBUG]  Deflating res/layout/support_simple_spinner_dropdown_item.xml
[DEBUG]  Deflating res/layout/titanium_tabgroup.xml
[DEBUG]  Deflating res/layout/titanium_ui_checkbox.xml
[DEBUG]  Deflating res/layout/titanium_ui_date_picker_spinner.xml
[DEBUG]  Deflating res/layout/titanium_ui_edittext.xml
[DEBUG]  Deflating res/layout/titanium_ui_list_header_or_footer.xml
[DEBUG]  Deflating res/layout/titanium_ui_list_item.xml
[DEBUG]  Deflating res/layout/titanium_ui_spinner.xml
[DEBUG]  Deflating res/layout/titanium_ui_switchcompat.xml
[DEBUG]  Deflating res/layout/titanium_ui_time_picker_spinner.xml
[DEBUG]  Deflating resources.arsc
[DEBUG]  Processing C:\ProgramData\Titanium\mobilesdk\win32\5.0.0.GA\android\kroll-v8.jar
[DEBUG]  Processing C:\ProgramData\Titanium\mobilesdk\win32\5.0.0.GA\android\modules\titanium-analytics.jar
[DEBUG]  Processing C:\ProgramData\Titanium\mobilesdk\win32\5.0.0.GA\android\aps-analytics.jar
[DEBUG]  Processing C:\ProgramData\Titanium\mobilesdk\win32\5.0.0.GA\android\modules\titanium-android.jar
[DEBUG]  Processing C:\ProgramData\Titanium\mobilesdk\win32\5.0.0.GA\android\jaxen-1.1.1.jar
[DEBUG]  Processing C:\ProgramData\Titanium\mobilesdk\win32\5.0.0.GA\android\ti-commons-codec-1.3.jar
[DEBUG]  Processing C:\ProgramData\Titanium\mobilesdk\win32\5.0.0.GA\android\kroll-common.jar
[DEBUG]  Processing C:\ProgramData\Titanium\mobilesdk\win32\5.0.0.GA\android\titanium.jar
[DEBUG]  Deflating org/appcelerator/titanium/build.properties
[DEBUG]  Adding org/appcelerator/titanium/res/drawable/background.png
[DEBUG]  Adding org/appcelerator/titanium/res/drawable/btn_check_buttonless_on.png
[DEBUG]  Adding org/appcelerator/titanium/res/drawable/btn_check_buttonless_on_100.png
[DEBUG]  Adding org/appcelerator/titanium/res/drawable/btn_check_buttonless_on_18.png
[DEBUG]  Adding org/appcelerator/titanium/res/drawable/btn_check_buttonless_on_48.png
[DEBUG]  Adding org/appcelerator/titanium/res/drawable/btn_check_buttonless_on_64.png
[DEBUG]  Adding org/appcelerator/titanium/res/drawable/btn_more.png
[DEBUG]  Adding org/appcelerator/titanium/res/drawable/btn_more_100.png
[DEBUG]  Adding org/appcelerator/titanium/res/drawable/btn_more_18.png
[DEBUG]  Adding org/appcelerator/titanium/res/drawable/btn_more_48.png
[DEBUG]  Adding org/appcelerator/titanium/res/drawable/btn_more_64.png
[DEBUG]  Adding org/appcelerator/titanium/res/drawable/btn_picker_normal.9.png
[DEBUG]  Adding org/appcelerator/titanium/res/drawable/btn_picker_pressed.9.png
[DEBUG]  Adding org/appcelerator/titanium/res/drawable/btn_picker_selected.9.png
[DEBUG]  Adding org/appcelerator/titanium/res/drawable/default_icon.png
[DEBUG]  Adding org/appcelerator/titanium/res/drawable/photoDefault.png
[DEBUG]  Processing C:\ProgramData\Titanium\mobilesdk\win32\5.0.0.GA\android\modules\titanium-app.jar
[DEBUG]  Processing C:\ProgramData\Titanium\mobilesdk\win32\5.0.0.GA\android\modules\titanium-ui.jar
[DEBUG]  Deflating ti/modules/titanium/ui/widget/webview/binding.js
[DEBUG]  Deflating ti/modules/titanium/ui/widget/webview/binding.min.js
[DEBUG]  Deflating ti/modules/titanium/ui/widget/webview/json2.js
[DEBUG]  Deflating ti/modules/titanium/ui/widget/webview/polling.js
[DEBUG]  Deflating ti/modules/titanium/ui/widget/webview/polling.min.js
[DEBUG]  Processing C:\ProgramData\Titanium\mobilesdk\win32\5.0.0.GA\android\nineoldandroids-appc-2.4.0.jar
[DEBUG]  Processing C:\ProgramData\Titanium\mobilesdk\win32\5.0.0.GA\android\modules\titanium-filesystem.jar
[DEBUG]  Processing C:\ProgramData\Titanium\mobilesdk\win32\5.0.0.GA\android\modules\titanium-media.jar
[DEBUG]  Processing C:\ProgramData\Titanium\mobilesdk\win32\5.0.0.GA\android\modules\titanium-appcompat.jar
[DEBUG]  Processing C:\ProgramData\Titanium\mobilesdk\win32\5.0.0.GA\android\android-support-v4.jar
[DEBUG]  Processing C:\ProgramData\Titanium\mobilesdk\win32\5.0.0.GA\android\android-support-v7-appcompat.jar
[DEBUG]  Processing C:\ProgramData\Titanium\mobilesdk\win32\5.0.0.GA\android\modules\titanium-locale.jar
[DEBUG]  Processing C:\ProgramData\Titanium\mobilesdk\win32\5.0.0.GA\android\modules\titanium-network.jar
[DEBUG]  Processing C:\ProgramData\Titanium\mobilesdk\win32\5.0.0.GA\android\modules\titanium-xml.jar
[DEBUG]  Processing C:\ProgramData\Titanium\mobilesdk\win32\5.0.0.GA\android\modules\titanium-platform.jar
[DEBUG]  Adding classes.dex
[INFO]   Processing H:\Appcelerator Workspace\Code To Inspire\build\android\src
[DEBUG]  Adding lib/armeabi/libkroll-v8.so
[DEBUG]  Adding lib/armeabi/libstlport_shared.so
[DEBUG]  Adding lib/armeabi/libtiverify.so
[DEBUG]  Adding lib/armeabi-v7a/libkroll-v8.so
[DEBUG]  Adding lib/armeabi-v7a/libstlport_shared.so
[DEBUG]  Adding lib/armeabi-v7a/libtiverify.so
[DEBUG]  Adding lib/x86/libkroll-v8.so
[DEBUG]  Adding lib/x86/libstlport_shared.so
[DEBUG]  Adding lib/x86/libtiverify.so
[INFO]   Writing unsigned apk: H:\Appcelerator Workspace\Code To Inspire\build\android\bin\app-unsigned.apk
[INFO]   Using SHA1withRSA signature algorithm
[INFO]   Signing apk: C:\Program Files\Java\jdk1.8.0_111\bin\jarsigner.exe "-sigalg" "SHA1withRSA" "-digestalg" "SHA1" "-keystore" "C:\Users\Aalem\Desktop\CTI_Key" "-storepass" "********" "-keypass" "aalem123" "-signedjar" "H:\Appcelerator Workspace\Code To Inspire\build\android\bin\Code To Inspire.apk" "H:\Appcelerator Workspace\Code To Inspire\build\android\bin\app-unsigned.apk" "cti"
[INFO]   Aligning zip file: I:\AndroidStudio\SDK\build-tools\23.0.3\zipalign.exe "-v" "4" "H:\Appcelerator Workspace\Code To Inspire\build\android\bin\Code To Inspire.apk" "H:\Appcelerator Workspace\Code To Inspire\build\android\bin\Code To Inspire.apkz"
[INFO]   Writing build manifest: H:\Appcelerator Workspace\Code To Inspire\build\android\build-manifest.json
[DEBUG]  Copying H:\Appcelerator Workspace\Code To Inspire\build\android\bin\Code To Inspire.apk => C:\Users\Aalem\Desktop\Code To Inspire.apk
[INFO]   Packaging complete
[INFO]   Package location: C:\Users\Aalem\Desktop\Code To Inspire.apk
[TRACE]  updating tiapp metadata with Appcelerator Platform...
[INFO]   Project built successfully in 1m 20s 993ms
